"Severity","ThreadID","Date","Time","Application","Message"
"ERROR","web-0","06/11/2012","12:44:25","","Page /coldbox/index.cfm [C:\Zips\coldbox-devbox\webapps\ROOT\coldbox\index.cfm] not found
	at railo.runtime.PageSourceImpl.loadPage(PageSourceImpl.java:846):846
	at railo.runtime.PageContextImpl.doInclude(PageContextImpl.java:764):764
	at railo.runtime.PageContextImpl.doInclude(PageContextImpl.java:751):751
	at railo.runtime.listener.ClassicAppListener._onRequest(ClassicAppListener.java:35):35
	at railo.runtime.listener.MixedAppListener.onRequest(MixedAppListener.java:24):24
	at railo.runtime.PageContextImpl.execute(PageContextImpl.java:2035):2035
	at railo.runtime.PageContextImpl.execute(PageContextImpl.java:2002):2002
	at railo.runtime.engine.CFMLEngineImpl.serviceCFML(CFMLEngineImpl.java:297):297
	at railo.loader.servlet.CFMLServlet.service(CFMLServlet.java:32):32
	at javax.servlet.http.HttpServlet.service(HttpServlet.java:97):97
	at com.caucho.server.dispatch.ServletFilterChain.doFilter(ServletFilterChain.java:109):109
	at com.caucho.server.webapp.DispatchFilterChain.doFilter(DispatchFilterChain.java:126):126
	at com.caucho.server.dispatch.ServletInvocation.service(ServletInvocation.java:289):289
	at com.caucho.server.webapp.RequestDispatcherImpl.forward(RequestDispatcherImpl.java:298):298
	at com.caucho.server.webapp.RequestDispatcherImpl.dispatch(RequestDispatcherImpl.java:141):141
	at com.caucho.server.dispatch.RewriteDispatchFilterChain.doFilter(RewriteDispatchFilterChain.java:91):91
	at com.caucho.server.webapp.WebAppFilterChain.doFilter(WebAppFilterChain.java:156):156
	at com.caucho.server.webapp.AccessLogFilterChain.doFilter(AccessLogFilterChain.java:95):95
	at com.caucho.server.dispatch.ServletInvocation.service(ServletInvocation.java:289):289
	at com.caucho.server.http.HttpRequest.handleRequest(HttpRequest.java:838):838
	at com.caucho.network.listen.TcpSocketLink.dispatchRequest(TcpSocketLink.java:1309):1309
	at com.caucho.network.listen.TcpSocketLink.handleRequest(TcpSocketLink.java:1265):1265
	at com.caucho.network.listen.TcpSocketLink.handleRequestsImpl(TcpSocketLink.java:1249):1249
	at com.caucho.network.listen.TcpSocketLink.handleRequests(TcpSocketLink.java:1157):1157
	at com.caucho.network.listen.TcpSocketLink.handleAcceptTaskImpl(TcpSocketLink.java:956):956
	at com.caucho.network.listen.ConnectionTask.runThread(ConnectionTask.java:117):117
	at com.caucho.network.listen.ConnectionTask.run(ConnectionTask.java:93):93
	at com.caucho.network.listen.SocketLinkThreadLauncher.handleTasks(SocketLinkThreadLauncher.java:169):169
	at com.caucho.network.listen.TcpSocketAcceptThread.run(TcpSocketAcceptThread.java:61):61
	at com.caucho.env.thread2.ResinThread2.runTasks(ResinThread2.java:173):173
	at com.caucho.env.thread2.ResinThread2.run(ResinThread2.java:118):118
"
"ERROR","web-0","06/11/2012","12:45:28","","Page /coldbox/index.cfm [C:\Zips\coldbox-devbox\webapps\ROOT\coldbox\index.cfm] not found
	at railo.runtime.PageSourceImpl.loadPage(PageSourceImpl.java:846):846
	at railo.runtime.PageContextImpl.doInclude(PageContextImpl.java:764):764
	at railo.runtime.PageContextImpl.doInclude(PageContextImpl.java:751):751
	at railo.runtime.listener.ClassicAppListener._onRequest(ClassicAppListener.java:35):35
	at railo.runtime.listener.MixedAppListener.onRequest(MixedAppListener.java:24):24
	at railo.runtime.PageContextImpl.execute(PageContextImpl.java:2035):2035
	at railo.runtime.PageContextImpl.execute(PageContextImpl.java:2002):2002
	at railo.runtime.engine.CFMLEngineImpl.serviceCFML(CFMLEngineImpl.java:297):297
	at railo.loader.servlet.CFMLServlet.service(CFMLServlet.java:32):32
	at javax.servlet.http.HttpServlet.service(HttpServlet.java:97):97
	at com.caucho.server.dispatch.ServletFilterChain.doFilter(ServletFilterChain.java:109):109
	at com.caucho.server.webapp.DispatchFilterChain.doFilter(DispatchFilterChain.java:126):126
	at com.caucho.server.dispatch.ServletInvocation.service(ServletInvocation.java:289):289
	at com.caucho.server.webapp.RequestDispatcherImpl.forward(RequestDispatcherImpl.java:298):298
	at com.caucho.server.webapp.RequestDispatcherImpl.dispatch(RequestDispatcherImpl.java:141):141
	at com.caucho.server.dispatch.RewriteDispatchFilterChain.doFilter(RewriteDispatchFilterChain.java:91):91
	at com.caucho.server.webapp.WebAppFilterChain.doFilter(WebAppFilterChain.java:156):156
	at com.caucho.server.webapp.AccessLogFilterChain.doFilter(AccessLogFilterChain.java:95):95
	at com.caucho.server.dispatch.ServletInvocation.service(ServletInvocation.java:289):289
	at com.caucho.server.http.HttpRequest.handleRequest(HttpRequest.java:838):838
	at com.caucho.network.listen.TcpSocketLink.dispatchRequest(TcpSocketLink.java:1309):1309
	at com.caucho.network.listen.TcpSocketLink.handleRequest(TcpSocketLink.java:1265):1265
	at com.caucho.network.listen.TcpSocketLink.handleRequestsImpl(TcpSocketLink.java:1249):1249
	at com.caucho.network.listen.TcpSocketLink.handleRequests(TcpSocketLink.java:1157):1157
	at com.caucho.network.listen.TcpSocketLink.handleAcceptTaskImpl(TcpSocketLink.java:956):956
	at com.caucho.network.listen.ConnectionTask.runThread(ConnectionTask.java:117):117
	at com.caucho.network.listen.ConnectionTask.run(ConnectionTask.java:93):93
	at com.caucho.network.listen.SocketLinkThreadLauncher.handleTasks(SocketLinkThreadLauncher.java:169):169
	at com.caucho.network.listen.TcpSocketAcceptThread.run(TcpSocketAcceptThread.java:61):61
	at com.caucho.env.thread2.ResinThread2.runTasks(ResinThread2.java:173):173
	at com.caucho.env.thread2.ResinThread2.run(ResinThread2.java:118):118
"
"ERROR","web-0","06/11/2012","12:45:30","","Page /coldbox/index.cfm [C:\Zips\coldbox-devbox\webapps\ROOT\coldbox\index.cfm] not found
	at railo.runtime.PageSourceImpl.loadPage(PageSourceImpl.java:846):846
	at railo.runtime.PageContextImpl.doInclude(PageContextImpl.java:764):764
	at railo.runtime.PageContextImpl.doInclude(PageContextImpl.java:751):751
	at railo.runtime.listener.ClassicAppListener._onRequest(ClassicAppListener.java:35):35
	at railo.runtime.listener.MixedAppListener.onRequest(MixedAppListener.java:24):24
	at railo.runtime.PageContextImpl.execute(PageContextImpl.java:2035):2035
	at railo.runtime.PageContextImpl.execute(PageContextImpl.java:2002):2002
	at railo.runtime.engine.CFMLEngineImpl.serviceCFML(CFMLEngineImpl.java:297):297
	at railo.loader.servlet.CFMLServlet.service(CFMLServlet.java:32):32
	at javax.servlet.http.HttpServlet.service(HttpServlet.java:97):97
	at com.caucho.server.dispatch.ServletFilterChain.doFilter(ServletFilterChain.java:109):109
	at com.caucho.server.webapp.DispatchFilterChain.doFilter(DispatchFilterChain.java:126):126
	at com.caucho.server.dispatch.ServletInvocation.service(ServletInvocation.java:289):289
	at com.caucho.server.webapp.RequestDispatcherImpl.forward(RequestDispatcherImpl.java:298):298
	at com.caucho.server.webapp.RequestDispatcherImpl.dispatch(RequestDispatcherImpl.java:141):141
	at com.caucho.server.dispatch.RewriteDispatchFilterChain.doFilter(RewriteDispatchFilterChain.java:91):91
	at com.caucho.server.webapp.WebAppFilterChain.doFilter(WebAppFilterChain.java:156):156
	at com.caucho.server.webapp.AccessLogFilterChain.doFilter(AccessLogFilterChain.java:95):95
	at com.caucho.server.dispatch.ServletInvocation.service(ServletInvocation.java:289):289
	at com.caucho.server.http.HttpRequest.handleRequest(HttpRequest.java:838):838
	at com.caucho.network.listen.TcpSocketLink.dispatchRequest(TcpSocketLink.java:1309):1309
	at com.caucho.network.listen.TcpSocketLink.handleRequest(TcpSocketLink.java:1265):1265
	at com.caucho.network.listen.TcpSocketLink.handleRequestsImpl(TcpSocketLink.java:1249):1249
	at com.caucho.network.listen.TcpSocketLink.handleRequests(TcpSocketLink.java:1157):1157
	at com.caucho.network.listen.TcpSocketLink.handleAcceptTaskImpl(TcpSocketLink.java:956):956
	at com.caucho.network.listen.ConnectionTask.runThread(ConnectionTask.java:117):117
	at com.caucho.network.listen.ConnectionTask.run(ConnectionTask.java:93):93
	at com.caucho.network.listen.SocketLinkThreadLauncher.handleTasks(SocketLinkThreadLauncher.java:169):169
	at com.caucho.network.listen.TcpSocketAcceptThread.run(TcpSocketAcceptThread.java:61):61
	at com.caucho.env.thread2.ResinThread2.runTasks(ResinThread2.java:173):173
	at com.caucho.env.thread2.ResinThread2.run(ResinThread2.java:118):118
"
"ERROR","web-0","06/11/2012","12:45:34","","Page /coldbox/ApplicationTemplates/index.cfm [C:\Zips\coldbox-devbox\webapps\ROOT\coldbox\ApplicationTemplates\index.cfm] not found
	at railo.runtime.PageSourceImpl.loadPage(PageSourceImpl.java:846):846
	at railo.runtime.PageContextImpl.doInclude(PageContextImpl.java:764):764
	at railo.runtime.PageContextImpl.doInclude(PageContextImpl.java:751):751
	at railo.runtime.listener.ClassicAppListener._onRequest(ClassicAppListener.java:35):35
	at railo.runtime.listener.MixedAppListener.onRequest(MixedAppListener.java:24):24
	at railo.runtime.PageContextImpl.execute(PageContextImpl.java:2035):2035
	at railo.runtime.PageContextImpl.execute(PageContextImpl.java:2002):2002
	at railo.runtime.engine.CFMLEngineImpl.serviceCFML(CFMLEngineImpl.java:297):297
	at railo.loader.servlet.CFMLServlet.service(CFMLServlet.java:32):32
	at javax.servlet.http.HttpServlet.service(HttpServlet.java:97):97
	at com.caucho.server.dispatch.ServletFilterChain.doFilter(ServletFilterChain.java:109):109
	at com.caucho.server.webapp.DispatchFilterChain.doFilter(DispatchFilterChain.java:126):126
	at com.caucho.server.dispatch.ServletInvocation.service(ServletInvocation.java:289):289
	at com.caucho.server.webapp.RequestDispatcherImpl.forward(RequestDispatcherImpl.java:298):298
	at com.caucho.server.webapp.RequestDispatcherImpl.dispatch(RequestDispatcherImpl.java:141):141
	at com.caucho.server.dispatch.RewriteDispatchFilterChain.doFilter(RewriteDispatchFilterChain.java:91):91
	at com.caucho.server.webapp.WebAppFilterChain.doFilter(WebAppFilterChain.java:156):156
	at com.caucho.server.webapp.AccessLogFilterChain.doFilter(AccessLogFilterChain.java:95):95
	at com.caucho.server.dispatch.ServletInvocation.service(ServletInvocation.java:289):289
	at com.caucho.server.http.HttpRequest.handleRequest(HttpRequest.java:838):838
	at com.caucho.network.listen.TcpSocketLink.dispatchRequest(TcpSocketLink.java:1309):1309
	at com.caucho.network.listen.TcpSocketLink.handleRequest(TcpSocketLink.java:1265):1265
	at com.caucho.network.listen.TcpSocketLink.handleRequestsImpl(TcpSocketLink.java:1249):1249
	at com.caucho.network.listen.TcpSocketLink.handleRequests(TcpSocketLink.java:1157):1157
	at com.caucho.network.listen.TcpSocketLink.handleAcceptTaskImpl(TcpSocketLink.java:956):956
	at com.caucho.network.listen.ConnectionTask.runThread(ConnectionTask.java:117):117
	at com.caucho.network.listen.ConnectionTask.run(ConnectionTask.java:93):93
	at com.caucho.network.listen.SocketLinkThreadLauncher.handleTasks(SocketLinkThreadLauncher.java:169):169
	at com.caucho.network.listen.TcpSocketAcceptThread.run(TcpSocketAcceptThread.java:61):61
	at com.caucho.env.thread2.ResinThread2.runTasks(ResinThread2.java:173):173
	at com.caucho.env.thread2.ResinThread2.run(ResinThread2.java:118):118
"
"ERROR","web-0","06/11/2012","12:50:52","","Page /coldbox/ApplicationTemplates/index.cfm [C:\Zips\coldbox-devbox\webapps\ROOT\coldbox\ApplicationTemplates\index.cfm] not found
	at railo.runtime.PageSourceImpl.loadPage(PageSourceImpl.java:846):846
	at railo.runtime.PageContextImpl.doInclude(PageContextImpl.java:764):764
	at railo.runtime.PageContextImpl.doInclude(PageContextImpl.java:751):751
	at railo.runtime.listener.ClassicAppListener._onRequest(ClassicAppListener.java:35):35
	at railo.runtime.listener.MixedAppListener.onRequest(MixedAppListener.java:24):24
	at railo.runtime.PageContextImpl.execute(PageContextImpl.java:2035):2035
	at railo.runtime.PageContextImpl.execute(PageContextImpl.java:2002):2002
	at railo.runtime.engine.CFMLEngineImpl.serviceCFML(CFMLEngineImpl.java:297):297
	at railo.loader.servlet.CFMLServlet.service(CFMLServlet.java:32):32
	at javax.servlet.http.HttpServlet.service(HttpServlet.java:97):97
	at com.caucho.server.dispatch.ServletFilterChain.doFilter(ServletFilterChain.java:109):109
	at com.caucho.server.webapp.DispatchFilterChain.doFilter(DispatchFilterChain.java:126):126
	at com.caucho.server.dispatch.ServletInvocation.service(ServletInvocation.java:289):289
	at com.caucho.server.webapp.RequestDispatcherImpl.forward(RequestDispatcherImpl.java:298):298
	at com.caucho.server.webapp.RequestDispatcherImpl.dispatch(RequestDispatcherImpl.java:141):141
	at com.caucho.server.dispatch.RewriteDispatchFilterChain.doFilter(RewriteDispatchFilterChain.java:91):91
	at com.caucho.server.webapp.WebAppFilterChain.doFilter(WebAppFilterChain.java:156):156
	at com.caucho.server.webapp.AccessLogFilterChain.doFilter(AccessLogFilterChain.java:95):95
	at com.caucho.server.dispatch.ServletInvocation.service(ServletInvocation.java:289):289
	at com.caucho.server.http.HttpRequest.handleRequest(HttpRequest.java:838):838
	at com.caucho.network.listen.TcpSocketLink.dispatchRequest(TcpSocketLink.java:1309):1309
	at com.caucho.network.listen.TcpSocketLink.handleRequest(TcpSocketLink.java:1265):1265
	at com.caucho.network.listen.TcpSocketLink.handleRequestsImpl(TcpSocketLink.java:1249):1249
	at com.caucho.network.listen.TcpSocketLink.handleRequests(TcpSocketLink.java:1157):1157
	at com.caucho.network.listen.TcpSocketLink.handleAcceptTaskImpl(TcpSocketLink.java:956):956
	at com.caucho.network.listen.ConnectionTask.runThread(ConnectionTask.java:117):117
	at com.caucho.network.listen.ConnectionTask.run(ConnectionTask.java:93):93
	at com.caucho.network.listen.SocketLinkThreadLauncher.handleTasks(SocketLinkThreadLauncher.java:169):169
	at com.caucho.network.listen.TcpSocketAcceptThread.run(TcpSocketAcceptThread.java:61):61
	at com.caucho.env.thread2.ResinThread2.runTasks(ResinThread2.java:173):173
	at com.caucho.env.thread2.ResinThread2.run(ResinThread2.java:118):118
"
"ERROR","web-0","06/11/2012","13:02:04","","Page /coldbox/ApplicationTemplates/index.cfm [C:\Zips\coldbox-devbox\webapps\ROOT\coldbox\ApplicationTemplates\index.cfm] not found
	at railo.runtime.PageSourceImpl.loadPage(PageSourceImpl.java:846):846
	at railo.runtime.PageContextImpl.doInclude(PageContextImpl.java:764):764
	at railo.runtime.PageContextImpl.doInclude(PageContextImpl.java:751):751
	at railo.runtime.listener.ClassicAppListener._onRequest(ClassicAppListener.java:35):35
	at railo.runtime.listener.MixedAppListener.onRequest(MixedAppListener.java:24):24
	at railo.runtime.PageContextImpl.execute(PageContextImpl.java:2035):2035
	at railo.runtime.PageContextImpl.execute(PageContextImpl.java:2002):2002
	at railo.runtime.engine.CFMLEngineImpl.serviceCFML(CFMLEngineImpl.java:297):297
	at railo.loader.servlet.CFMLServlet.service(CFMLServlet.java:32):32
	at javax.servlet.http.HttpServlet.service(HttpServlet.java:97):97
	at com.caucho.server.dispatch.ServletFilterChain.doFilter(ServletFilterChain.java:109):109
	at com.caucho.server.webapp.DispatchFilterChain.doFilter(DispatchFilterChain.java:126):126
	at com.caucho.server.dispatch.ServletInvocation.service(ServletInvocation.java:289):289
	at com.caucho.server.webapp.RequestDispatcherImpl.forward(RequestDispatcherImpl.java:298):298
	at com.caucho.server.webapp.RequestDispatcherImpl.dispatch(RequestDispatcherImpl.java:141):141
	at com.caucho.server.dispatch.RewriteDispatchFilterChain.doFilter(RewriteDispatchFilterChain.java:91):91
	at com.caucho.server.webapp.WebAppFilterChain.doFilter(WebAppFilterChain.java:156):156
	at com.caucho.server.webapp.AccessLogFilterChain.doFilter(AccessLogFilterChain.java:95):95
	at com.caucho.server.dispatch.ServletInvocation.service(ServletInvocation.java:289):289
	at com.caucho.server.http.HttpRequest.handleRequest(HttpRequest.java:838):838
	at com.caucho.network.listen.TcpSocketLink.dispatchRequest(TcpSocketLink.java:1309):1309
	at com.caucho.network.listen.TcpSocketLink.handleRequest(TcpSocketLink.java:1265):1265
	at com.caucho.network.listen.TcpSocketLink.handleRequestsImpl(TcpSocketLink.java:1249):1249
	at com.caucho.network.listen.TcpSocketLink.handleRequests(TcpSocketLink.java:1157):1157
	at com.caucho.network.listen.TcpSocketLink.handleAcceptTaskImpl(TcpSocketLink.java:956):956
	at com.caucho.network.listen.ConnectionTask.runThread(ConnectionTask.java:117):117
	at com.caucho.network.listen.ConnectionTask.run(ConnectionTask.java:93):93
	at com.caucho.network.listen.SocketLinkThreadLauncher.handleTasks(SocketLinkThreadLauncher.java:169):169
	at com.caucho.network.listen.TcpSocketAcceptThread.run(TcpSocketAcceptThread.java:61):61
	at com.caucho.env.thread2.ResinThread2.runTasks(ResinThread2.java:173):173
	at com.caucho.env.thread2.ResinThread2.run(ResinThread2.java:118):118
"
"ERROR","web-0","06/11/2012","13:06:03","","Page /coldbox/ApplicationTemplates/index.cfm [C:\Zips\coldbox-devbox\webapps\ROOT\coldbox\ApplicationTemplates\index.cfm] not found
	at railo.runtime.PageSourceImpl.loadPage(PageSourceImpl.java:846):846
	at railo.runtime.PageContextImpl.doInclude(PageContextImpl.java:764):764
	at railo.runtime.PageContextImpl.doInclude(PageContextImpl.java:751):751
	at railo.runtime.listener.ClassicAppListener._onRequest(ClassicAppListener.java:35):35
	at railo.runtime.listener.MixedAppListener.onRequest(MixedAppListener.java:24):24
	at railo.runtime.PageContextImpl.execute(PageContextImpl.java:2035):2035
	at railo.runtime.PageContextImpl.execute(PageContextImpl.java:2002):2002
	at railo.runtime.engine.CFMLEngineImpl.serviceCFML(CFMLEngineImpl.java:297):297
	at railo.loader.servlet.CFMLServlet.service(CFMLServlet.java:32):32
	at javax.servlet.http.HttpServlet.service(HttpServlet.java:97):97
	at com.caucho.server.dispatch.ServletFilterChain.doFilter(ServletFilterChain.java:109):109
	at com.caucho.server.webapp.DispatchFilterChain.doFilter(DispatchFilterChain.java:126):126
	at com.caucho.server.dispatch.ServletInvocation.service(ServletInvocation.java:289):289
	at com.caucho.server.webapp.RequestDispatcherImpl.forward(RequestDispatcherImpl.java:298):298
	at com.caucho.server.webapp.RequestDispatcherImpl.dispatch(RequestDispatcherImpl.java:141):141
	at com.caucho.server.dispatch.RewriteDispatchFilterChain.doFilter(RewriteDispatchFilterChain.java:91):91
	at com.caucho.server.webapp.WebAppFilterChain.doFilter(WebAppFilterChain.java:156):156
	at com.caucho.server.webapp.AccessLogFilterChain.doFilter(AccessLogFilterChain.java:95):95
	at com.caucho.server.dispatch.ServletInvocation.service(ServletInvocation.java:289):289
	at com.caucho.server.http.HttpRequest.handleRequest(HttpRequest.java:838):838
	at com.caucho.network.listen.TcpSocketLink.dispatchRequest(TcpSocketLink.java:1309):1309
	at com.caucho.network.listen.TcpSocketLink.handleRequest(TcpSocketLink.java:1265):1265
	at com.caucho.network.listen.TcpSocketLink.handleRequestsImpl(TcpSocketLink.java:1249):1249
	at com.caucho.network.listen.TcpSocketLink.handleRequests(TcpSocketLink.java:1157):1157
	at com.caucho.network.listen.TcpSocketLink.handleAcceptTaskImpl(TcpSocketLink.java:956):956
	at com.caucho.network.listen.ConnectionTask.runThread(ConnectionTask.java:117):117
	at com.caucho.network.listen.ConnectionTask.run(ConnectionTask.java:93):93
	at com.caucho.network.listen.SocketLinkThreadLauncher.handleTasks(SocketLinkThreadLauncher.java:169):169
	at com.caucho.network.listen.TcpSocketAcceptThread.run(TcpSocketAcceptThread.java:61):61
	at com.caucho.env.thread2.ResinThread2.runTasks(ResinThread2.java:173):173
	at com.caucho.env.thread2.ResinThread2.run(ResinThread2.java:118):118
"
"ERROR","web-0","06/11/2012","13:06:03","","Page /coldbox/ApplicationTemplates/index.cfm [C:\Zips\coldbox-devbox\webapps\ROOT\coldbox\ApplicationTemplates\index.cfm] not found
	at railo.runtime.PageSourceImpl.loadPage(PageSourceImpl.java:846):846
	at railo.runtime.PageContextImpl.doInclude(PageContextImpl.java:764):764
	at railo.runtime.PageContextImpl.doInclude(PageContextImpl.java:751):751
	at railo.runtime.listener.ClassicAppListener._onRequest(ClassicAppListener.java:35):35
	at railo.runtime.listener.MixedAppListener.onRequest(MixedAppListener.java:24):24
	at railo.runtime.PageContextImpl.execute(PageContextImpl.java:2035):2035
	at railo.runtime.PageContextImpl.execute(PageContextImpl.java:2002):2002
	at railo.runtime.engine.CFMLEngineImpl.serviceCFML(CFMLEngineImpl.java:297):297
	at railo.loader.servlet.CFMLServlet.service(CFMLServlet.java:32):32
	at javax.servlet.http.HttpServlet.service(HttpServlet.java:97):97
	at com.caucho.server.dispatch.ServletFilterChain.doFilter(ServletFilterChain.java:109):109
	at com.caucho.server.webapp.DispatchFilterChain.doFilter(DispatchFilterChain.java:126):126
	at com.caucho.server.dispatch.ServletInvocation.service(ServletInvocation.java:289):289
	at com.caucho.server.webapp.RequestDispatcherImpl.forward(RequestDispatcherImpl.java:298):298
	at com.caucho.server.webapp.RequestDispatcherImpl.dispatch(RequestDispatcherImpl.java:141):141
	at com.caucho.server.dispatch.RewriteDispatchFilterChain.doFilter(RewriteDispatchFilterChain.java:91):91
	at com.caucho.server.webapp.WebAppFilterChain.doFilter(WebAppFilterChain.java:156):156
	at com.caucho.server.webapp.AccessLogFilterChain.doFilter(AccessLogFilterChain.java:95):95
	at com.caucho.server.dispatch.ServletInvocation.service(ServletInvocation.java:289):289
	at com.caucho.server.http.HttpRequest.handleRequest(HttpRequest.java:838):838
	at com.caucho.network.listen.TcpSocketLink.dispatchRequest(TcpSocketLink.java:1309):1309
	at com.caucho.network.listen.TcpSocketLink.handleRequest(TcpSocketLink.java:1265):1265
	at com.caucho.network.listen.TcpSocketLink.handleRequestsImpl(TcpSocketLink.java:1249):1249
	at com.caucho.network.listen.TcpSocketLink.handleRequests(TcpSocketLink.java:1157):1157
	at com.caucho.network.listen.TcpSocketLink.handleAcceptTaskImpl(TcpSocketLink.java:956):956
	at com.caucho.network.listen.ConnectionTask.runThread(ConnectionTask.java:117):117
	at com.caucho.network.listen.ConnectionTask.run(ConnectionTask.java:93):93
	at com.caucho.network.listen.SocketLinkThreadLauncher.handleTasks(SocketLinkThreadLauncher.java:169):169
	at com.caucho.network.listen.TcpSocketAcceptThread.run(TcpSocketAcceptThread.java:61):61
	at com.caucho.env.thread2.ResinThread2.runTasks(ResinThread2.java:173):173
	at com.caucho.env.thread2.ResinThread2.run(ResinThread2.java:118):118
"
"ERROR","web-0","06/11/2012","13:07:33","","Page /coldbox/ApplicationTemplates/index.cfm [C:\Zips\coldbox-devbox\webapps\ROOT\coldbox\ApplicationTemplates\index.cfm] not found
	at railo.runtime.PageSourceImpl.loadPage(PageSourceImpl.java:846):846
	at railo.runtime.PageContextImpl.doInclude(PageContextImpl.java:764):764
	at railo.runtime.PageContextImpl.doInclude(PageContextImpl.java:751):751
	at railo.runtime.listener.ClassicAppListener._onRequest(ClassicAppListener.java:35):35
	at railo.runtime.listener.MixedAppListener.onRequest(MixedAppListener.java:24):24
	at railo.runtime.PageContextImpl.execute(PageContextImpl.java:2035):2035
	at railo.runtime.PageContextImpl.execute(PageContextImpl.java:2002):2002
	at railo.runtime.engine.CFMLEngineImpl.serviceCFML(CFMLEngineImpl.java:297):297
	at railo.loader.servlet.CFMLServlet.service(CFMLServlet.java:32):32
	at javax.servlet.http.HttpServlet.service(HttpServlet.java:97):97
	at com.caucho.server.dispatch.ServletFilterChain.doFilter(ServletFilterChain.java:109):109
	at com.caucho.server.webapp.WebAppFilterChain.doFilter(WebAppFilterChain.java:156):156
	at com.caucho.server.webapp.AccessLogFilterChain.doFilter(AccessLogFilterChain.java:95):95
	at com.caucho.server.dispatch.ServletInvocation.service(ServletInvocation.java:289):289
	at com.caucho.server.http.HttpRequest.handleRequest(HttpRequest.java:838):838
	at com.caucho.network.listen.TcpSocketLink.dispatchRequest(TcpSocketLink.java:1309):1309
	at com.caucho.network.listen.TcpSocketLink.handleRequest(TcpSocketLink.java:1265):1265
	at com.caucho.network.listen.TcpSocketLink.handleRequestsImpl(TcpSocketLink.java:1249):1249
	at com.caucho.network.listen.TcpSocketLink.handleRequests(TcpSocketLink.java:1157):1157
	at com.caucho.network.listen.TcpSocketLink.handleAcceptTaskImpl(TcpSocketLink.java:956):956
	at com.caucho.network.listen.ConnectionTask.runThread(ConnectionTask.java:117):117
	at com.caucho.network.listen.ConnectionTask.run(ConnectionTask.java:93):93
	at com.caucho.network.listen.SocketLinkThreadLauncher.handleTasks(SocketLinkThreadLauncher.java:169):169
	at com.caucho.network.listen.TcpSocketAcceptThread.run(TcpSocketAcceptThread.java:61):61
	at com.caucho.env.thread2.ResinThread2.runTasks(ResinThread2.java:173):173
	at com.caucho.env.thread2.ResinThread2.run(ResinThread2.java:118):118
"
"ERROR","web-0","06/11/2012","13:07:38","","Page /coldbox/ApplicationTemplates/index.cfm [C:\Zips\coldbox-devbox\webapps\ROOT\coldbox\ApplicationTemplates\index.cfm] not found
	at railo.runtime.PageSourceImpl.loadPage(PageSourceImpl.java:846):846
	at railo.runtime.PageContextImpl.doInclude(PageContextImpl.java:764):764
	at railo.runtime.PageContextImpl.doInclude(PageContextImpl.java:751):751
	at railo.runtime.listener.ClassicAppListener._onRequest(ClassicAppListener.java:35):35
	at railo.runtime.listener.MixedAppListener.onRequest(MixedAppListener.java:24):24
	at railo.runtime.PageContextImpl.execute(PageContextImpl.java:2035):2035
	at railo.runtime.PageContextImpl.execute(PageContextImpl.java:2002):2002
	at railo.runtime.engine.CFMLEngineImpl.serviceCFML(CFMLEngineImpl.java:297):297
	at railo.loader.servlet.CFMLServlet.service(CFMLServlet.java:32):32
	at javax.servlet.http.HttpServlet.service(HttpServlet.java:97):97
	at com.caucho.server.dispatch.ServletFilterChain.doFilter(ServletFilterChain.java:109):109
	at com.caucho.server.webapp.WebAppFilterChain.doFilter(WebAppFilterChain.java:156):156
	at com.caucho.server.webapp.AccessLogFilterChain.doFilter(AccessLogFilterChain.java:95):95
	at com.caucho.server.dispatch.ServletInvocation.service(ServletInvocation.java:289):289
	at com.caucho.server.http.HttpRequest.handleRequest(HttpRequest.java:838):838
	at com.caucho.network.listen.TcpSocketLink.dispatchRequest(TcpSocketLink.java:1309):1309
	at com.caucho.network.listen.TcpSocketLink.handleRequest(TcpSocketLink.java:1265):1265
	at com.caucho.network.listen.TcpSocketLink.handleRequestsImpl(TcpSocketLink.java:1249):1249
	at com.caucho.network.listen.TcpSocketLink.handleRequests(TcpSocketLink.java:1157):1157
	at com.caucho.network.listen.TcpSocketLink.handleAcceptTaskImpl(TcpSocketLink.java:956):956
	at com.caucho.network.listen.ConnectionTask.runThread(ConnectionTask.java:117):117
	at com.caucho.network.listen.ConnectionTask.run(ConnectionTask.java:93):93
	at com.caucho.network.listen.SocketLinkThreadLauncher.handleTasks(SocketLinkThreadLauncher.java:169):169
	at com.caucho.network.listen.TcpSocketAcceptThread.run(TcpSocketAcceptThread.java:61):61
	at com.caucho.env.thread2.ResinThread2.runTasks(ResinThread2.java:173):173
	at com.caucho.env.thread2.ResinThread2.run(ResinThread2.java:118):118
"
"ERROR","web-0","06/11/2012","13:09:22","","Page /coldbox/index.cfm [C:\Zips\coldbox-devbox\webapps\ROOT\coldbox\index.cfm] not found
	at railo.runtime.PageSourceImpl.loadPage(PageSourceImpl.java:846):846
	at railo.runtime.PageContextImpl.doInclude(PageContextImpl.java:795):795
	at railo.runtime.PageContextImpl.doInclude(PageContextImpl.java:751):751
	at railo.runtime.listener.ClassicAppListener._onRequest(ClassicAppListener.java:35):35
	at railo.runtime.listener.MixedAppListener.onRequest(MixedAppListener.java:24):24
	at railo.runtime.PageContextImpl.execute(PageContextImpl.java:2035):2035
	at railo.runtime.PageContextImpl.execute(PageContextImpl.java:2002):2002
	at railo.runtime.engine.CFMLEngineImpl.serviceCFML(CFMLEngineImpl.java:297):297
	at railo.loader.servlet.CFMLServlet.service(CFMLServlet.java:32):32
	at javax.servlet.http.HttpServlet.service(HttpServlet.java:97):97
	at com.caucho.server.dispatch.ServletFilterChain.doFilter(ServletFilterChain.java:109):109
	at com.caucho.server.webapp.DispatchFilterChain.doFilter(DispatchFilterChain.java:126):126
	at com.caucho.server.dispatch.ServletInvocation.service(ServletInvocation.java:289):289
	at com.caucho.server.webapp.RequestDispatcherImpl.forward(RequestDispatcherImpl.java:298):298
	at com.caucho.server.webapp.RequestDispatcherImpl.dispatch(RequestDispatcherImpl.java:141):141
	at com.caucho.server.dispatch.RewriteDispatchFilterChain.doFilter(RewriteDispatchFilterChain.java:91):91
	at com.caucho.server.webapp.WebAppFilterChain.doFilter(WebAppFilterChain.java:156):156
	at com.caucho.server.webapp.AccessLogFilterChain.doFilter(AccessLogFilterChain.java:95):95
	at com.caucho.server.dispatch.ServletInvocation.service(ServletInvocation.java:289):289
	at com.caucho.server.http.HttpRequest.handleRequest(HttpRequest.java:838):838
	at com.caucho.network.listen.TcpSocketLink.dispatchRequest(TcpSocketLink.java:1309):1309
	at com.caucho.network.listen.TcpSocketLink.handleRequest(TcpSocketLink.java:1265):1265
	at com.caucho.network.listen.TcpSocketLink.handleRequestsImpl(TcpSocketLink.java:1249):1249
	at com.caucho.network.listen.TcpSocketLink.handleRequests(TcpSocketLink.java:1157):1157
	at com.caucho.network.listen.TcpSocketLink.handleAcceptTaskImpl(TcpSocketLink.java:956):956
	at com.caucho.network.listen.ConnectionTask.runThread(ConnectionTask.java:117):117
	at com.caucho.network.listen.ConnectionTask.run(ConnectionTask.java:93):93
	at com.caucho.network.listen.SocketLinkThreadLauncher.handleTasks(SocketLinkThreadLauncher.java:169):169
	at com.caucho.network.listen.TcpSocketAcceptThread.run(TcpSocketAcceptThread.java:61):61
	at com.caucho.env.thread2.ResinThread2.runTasks(ResinThread2.java:173):173
	at com.caucho.env.thread2.ResinThread2.run(ResinThread2.java:118):118
"
"ERROR","web-0","06/11/2012","13:10:58","","Page /coldbox-docs/index.cfm [C:\Zips\coldbox-devbox\webapps\ROOT\coldbox-docs\index.cfm] not found
	at railo.runtime.PageSourceImpl.loadPage(PageSourceImpl.java:846):846
	at railo.runtime.PageContextImpl.doInclude(PageContextImpl.java:795):795
	at railo.runtime.PageContextImpl.doInclude(PageContextImpl.java:751):751
	at railo.runtime.listener.ClassicAppListener._onRequest(ClassicAppListener.java:35):35
	at railo.runtime.listener.MixedAppListener.onRequest(MixedAppListener.java:24):24
	at railo.runtime.PageContextImpl.execute(PageContextImpl.java:2035):2035
	at railo.runtime.PageContextImpl.execute(PageContextImpl.java:2002):2002
	at railo.runtime.engine.CFMLEngineImpl.serviceCFML(CFMLEngineImpl.java:297):297
	at railo.loader.servlet.CFMLServlet.service(CFMLServlet.java:32):32
	at javax.servlet.http.HttpServlet.service(HttpServlet.java:97):97
	at com.caucho.server.dispatch.ServletFilterChain.doFilter(ServletFilterChain.java:109):109
	at com.caucho.server.webapp.DispatchFilterChain.doFilter(DispatchFilterChain.java:126):126
	at com.caucho.server.dispatch.ServletInvocation.service(ServletInvocation.java:289):289
	at com.caucho.server.webapp.RequestDispatcherImpl.forward(RequestDispatcherImpl.java:298):298
	at com.caucho.server.webapp.RequestDispatcherImpl.dispatch(RequestDispatcherImpl.java:141):141
	at com.caucho.server.dispatch.RewriteDispatchFilterChain.doFilter(RewriteDispatchFilterChain.java:91):91
	at com.caucho.server.webapp.WebAppFilterChain.doFilter(WebAppFilterChain.java:156):156
	at com.caucho.server.webapp.AccessLogFilterChain.doFilter(AccessLogFilterChain.java:95):95
	at com.caucho.server.dispatch.ServletInvocation.service(ServletInvocation.java:289):289
	at com.caucho.server.http.HttpRequest.handleRequest(HttpRequest.java:838):838
	at com.caucho.network.listen.TcpSocketLink.dispatchRequest(TcpSocketLink.java:1309):1309
	at com.caucho.network.listen.TcpSocketLink.handleRequest(TcpSocketLink.java:1265):1265
	at com.caucho.network.listen.TcpSocketLink.handleRequestsImpl(TcpSocketLink.java:1249):1249
	at com.caucho.network.listen.TcpSocketLink.handleRequests(TcpSocketLink.java:1157):1157
	at com.caucho.network.listen.TcpSocketLink.handleAcceptTaskImpl(TcpSocketLink.java:956):956
	at com.caucho.network.listen.ConnectionTask.runThread(ConnectionTask.java:117):117
	at com.caucho.network.listen.ConnectionTask.run(ConnectionTask.java:93):93
	at com.caucho.network.listen.SocketLinkThreadLauncher.handleTasks(SocketLinkThreadLauncher.java:169):169
	at com.caucho.network.listen.TcpSocketAcceptThread.run(TcpSocketAcceptThread.java:61):61
	at com.caucho.env.thread2.ResinThread2.runTasks(ResinThread2.java:173):173
	at com.caucho.env.thread2.ResinThread2.run(ResinThread2.java:118):118
"
"ERROR","web-0","06/11/2012","13:12:17","","Page /coldbox-docs/index.cfm [C:\Zips\coldbox-devbox\webapps\ROOT\coldbox-docs\index.cfm] not found
	at railo.runtime.PageSourceImpl.loadPage(PageSourceImpl.java:846):846
	at railo.runtime.PageContextImpl.doInclude(PageContextImpl.java:795):795
	at railo.runtime.PageContextImpl.doInclude(PageContextImpl.java:751):751
	at railo.runtime.listener.ClassicAppListener._onRequest(ClassicAppListener.java:35):35
	at railo.runtime.listener.MixedAppListener.onRequest(MixedAppListener.java:24):24
	at railo.runtime.PageContextImpl.execute(PageContextImpl.java:2035):2035
	at railo.runtime.PageContextImpl.execute(PageContextImpl.java:2002):2002
	at railo.runtime.engine.CFMLEngineImpl.serviceCFML(CFMLEngineImpl.java:297):297
	at railo.loader.servlet.CFMLServlet.service(CFMLServlet.java:32):32
	at javax.servlet.http.HttpServlet.service(HttpServlet.java:97):97
	at com.caucho.server.dispatch.ServletFilterChain.doFilter(ServletFilterChain.java:109):109
	at com.caucho.server.webapp.DispatchFilterChain.doFilter(DispatchFilterChain.java:126):126
	at com.caucho.server.dispatch.ServletInvocation.service(ServletInvocation.java:289):289
	at com.caucho.server.webapp.RequestDispatcherImpl.forward(RequestDispatcherImpl.java:298):298
	at com.caucho.server.webapp.RequestDispatcherImpl.dispatch(RequestDispatcherImpl.java:141):141
	at com.caucho.server.dispatch.RewriteDispatchFilterChain.doFilter(RewriteDispatchFilterChain.java:91):91
	at com.caucho.server.webapp.WebAppFilterChain.doFilter(WebAppFilterChain.java:156):156
	at com.caucho.server.webapp.AccessLogFilterChain.doFilter(AccessLogFilterChain.java:95):95
	at com.caucho.server.dispatch.ServletInvocation.service(ServletInvocation.java:289):289
	at com.caucho.server.http.HttpRequest.handleRequest(HttpRequest.java:838):838
	at com.caucho.network.listen.TcpSocketLink.dispatchRequest(TcpSocketLink.java:1309):1309
	at com.caucho.network.listen.TcpSocketLink.handleRequest(TcpSocketLink.java:1265):1265
	at com.caucho.network.listen.TcpSocketLink.handleRequestsImpl(TcpSocketLink.java:1249):1249
	at com.caucho.network.listen.TcpSocketLink.handleRequests(TcpSocketLink.java:1157):1157
	at com.caucho.network.listen.TcpSocketLink.handleAcceptTaskImpl(TcpSocketLink.java:956):956
	at com.caucho.network.listen.ConnectionTask.runThread(ConnectionTask.java:117):117
	at com.caucho.network.listen.ConnectionTask.run(ConnectionTask.java:93):93
	at com.caucho.network.listen.SocketLinkThreadLauncher.handleTasks(SocketLinkThreadLauncher.java:169):169
	at com.caucho.network.listen.TcpSocketAcceptThread.run(TcpSocketAcceptThread.java:61):61
	at com.caucho.env.thread2.ResinThread2.runTasks(ResinThread2.java:173):173
	at com.caucho.env.thread2.ResinThread2.run(ResinThread2.java:118):118
"
"ERROR","web-0","06/11/2012","13:17:05","","Page /coldbox/index.cfm [C:\Zips\coldbox-devbox\webapps\ROOT\coldbox\index.cfm] not found
	at railo.runtime.PageSourceImpl.loadPage(PageSourceImpl.java:846):846
	at railo.runtime.PageContextImpl.doInclude(PageContextImpl.java:795):795
	at railo.runtime.PageContextImpl.doInclude(PageContextImpl.java:751):751
	at railo.runtime.listener.ClassicAppListener._onRequest(ClassicAppListener.java:35):35
	at railo.runtime.listener.MixedAppListener.onRequest(MixedAppListener.java:24):24
	at railo.runtime.PageContextImpl.execute(PageContextImpl.java:2035):2035
	at railo.runtime.PageContextImpl.execute(PageContextImpl.java:2002):2002
	at railo.runtime.engine.CFMLEngineImpl.serviceCFML(CFMLEngineImpl.java:297):297
	at railo.loader.servlet.CFMLServlet.service(CFMLServlet.java:32):32
	at javax.servlet.http.HttpServlet.service(HttpServlet.java:97):97
	at com.caucho.server.dispatch.ServletFilterChain.doFilter(ServletFilterChain.java:109):109
	at com.caucho.server.webapp.DispatchFilterChain.doFilter(DispatchFilterChain.java:126):126
	at com.caucho.server.dispatch.ServletInvocation.service(ServletInvocation.java:289):289
	at com.caucho.server.webapp.RequestDispatcherImpl.forward(RequestDispatcherImpl.java:298):298
	at com.caucho.server.webapp.RequestDispatcherImpl.dispatch(RequestDispatcherImpl.java:141):141
	at com.caucho.server.dispatch.RewriteDispatchFilterChain.doFilter(RewriteDispatchFilterChain.java:91):91
	at com.caucho.server.webapp.WebAppFilterChain.doFilter(WebAppFilterChain.java:156):156
	at com.caucho.server.webapp.AccessLogFilterChain.doFilter(AccessLogFilterChain.java:95):95
	at com.caucho.server.dispatch.ServletInvocation.service(ServletInvocation.java:289):289
	at com.caucho.server.http.HttpRequest.handleRequest(HttpRequest.java:838):838
	at com.caucho.network.listen.TcpSocketLink.dispatchRequest(TcpSocketLink.java:1309):1309
	at com.caucho.network.listen.TcpSocketLink.handleRequest(TcpSocketLink.java:1265):1265
	at com.caucho.network.listen.TcpSocketLink.handleRequestsImpl(TcpSocketLink.java:1249):1249
	at com.caucho.network.listen.TcpSocketLink.handleRequests(TcpSocketLink.java:1157):1157
	at com.caucho.network.listen.TcpSocketLink.handleAcceptTaskImpl(TcpSocketLink.java:956):956
	at com.caucho.network.listen.ConnectionTask.runThread(ConnectionTask.java:117):117
	at com.caucho.network.listen.ConnectionTask.run(ConnectionTask.java:93):93
	at com.caucho.network.listen.SocketLinkThreadLauncher.handleTasks(SocketLinkThreadLauncher.java:169):169
	at com.caucho.network.listen.TcpSocketAcceptThread.run(TcpSocketAcceptThread.java:61):61
	at com.caucho.env.thread2.ResinThread2.runTasks(ResinThread2.java:173):173
	at com.caucho.env.thread2.ResinThread2.run(ResinThread2.java:118):118
"
"ERROR","web-0","06/11/2012","13:17:16","","Page /coldbox/index.cfm [C:\Zips\coldbox-devbox\webapps\ROOT\coldbox\index.cfm] not found
	at railo.runtime.PageSourceImpl.loadPage(PageSourceImpl.java:846):846
	at railo.runtime.PageContextImpl.doInclude(PageContextImpl.java:795):795
	at railo.runtime.PageContextImpl.doInclude(PageContextImpl.java:751):751
	at railo.runtime.listener.ClassicAppListener._onRequest(ClassicAppListener.java:35):35
	at railo.runtime.listener.MixedAppListener.onRequest(MixedAppListener.java:24):24
	at railo.runtime.PageContextImpl.execute(PageContextImpl.java:2035):2035
	at railo.runtime.PageContextImpl.execute(PageContextImpl.java:2002):2002
	at railo.runtime.engine.CFMLEngineImpl.serviceCFML(CFMLEngineImpl.java:297):297
	at railo.loader.servlet.CFMLServlet.service(CFMLServlet.java:32):32
	at javax.servlet.http.HttpServlet.service(HttpServlet.java:97):97
	at com.caucho.server.dispatch.ServletFilterChain.doFilter(ServletFilterChain.java:109):109
	at com.caucho.server.webapp.DispatchFilterChain.doFilter(DispatchFilterChain.java:126):126
	at com.caucho.server.dispatch.ServletInvocation.service(ServletInvocation.java:289):289
	at com.caucho.server.webapp.RequestDispatcherImpl.forward(RequestDispatcherImpl.java:298):298
	at com.caucho.server.webapp.RequestDispatcherImpl.dispatch(RequestDispatcherImpl.java:141):141
	at com.caucho.server.dispatch.RewriteDispatchFilterChain.doFilter(RewriteDispatchFilterChain.java:91):91
	at com.caucho.server.webapp.WebAppFilterChain.doFilter(WebAppFilterChain.java:156):156
	at com.caucho.server.webapp.AccessLogFilterChain.doFilter(AccessLogFilterChain.java:95):95
	at com.caucho.server.dispatch.ServletInvocation.service(ServletInvocation.java:289):289
	at com.caucho.server.http.HttpRequest.handleRequest(HttpRequest.java:838):838
	at com.caucho.network.listen.TcpSocketLink.dispatchRequest(TcpSocketLink.java:1309):1309
	at com.caucho.network.listen.TcpSocketLink.handleRequest(TcpSocketLink.java:1265):1265
	at com.caucho.network.listen.TcpSocketLink.handleRequestsImpl(TcpSocketLink.java:1249):1249
	at com.caucho.network.listen.TcpSocketLink.handleRequests(TcpSocketLink.java:1157):1157
	at com.caucho.network.listen.TcpSocketLink.handleAcceptTaskImpl(TcpSocketLink.java:956):956
	at com.caucho.network.listen.ConnectionTask.runThread(ConnectionTask.java:117):117
	at com.caucho.network.listen.ConnectionTask.run(ConnectionTask.java:93):93
	at com.caucho.network.listen.SocketLinkThreadLauncher.handleTasks(SocketLinkThreadLauncher.java:169):169
	at com.caucho.network.listen.TcpSocketAcceptThread.run(TcpSocketAcceptThread.java:61):61
	at com.caucho.env.thread2.ResinThread2.runTasks(ResinThread2.java:173):173
	at com.caucho.env.thread2.ResinThread2.run(ResinThread2.java:118):118
"
"ERROR","web-0","06/11/2012","13:18:41","","Page /coldbox/index.cfm [C:\Zips\coldbox-devbox\webapps\ROOT\coldbox\index.cfm] not found
	at railo.runtime.PageSourceImpl.loadPage(PageSourceImpl.java:846):846
	at railo.runtime.PageContextImpl.doInclude(PageContextImpl.java:795):795
	at railo.runtime.PageContextImpl.doInclude(PageContextImpl.java:751):751
	at railo.runtime.listener.ClassicAppListener._onRequest(ClassicAppListener.java:35):35
	at railo.runtime.listener.MixedAppListener.onRequest(MixedAppListener.java:24):24
	at railo.runtime.PageContextImpl.execute(PageContextImpl.java:2035):2035
	at railo.runtime.PageContextImpl.execute(PageContextImpl.java:2002):2002
	at railo.runtime.engine.CFMLEngineImpl.serviceCFML(CFMLEngineImpl.java:297):297
	at railo.loader.servlet.CFMLServlet.service(CFMLServlet.java:32):32
	at javax.servlet.http.HttpServlet.service(HttpServlet.java:97):97
	at com.caucho.server.dispatch.ServletFilterChain.doFilter(ServletFilterChain.java:109):109
	at com.caucho.server.webapp.DispatchFilterChain.doFilter(DispatchFilterChain.java:126):126
	at com.caucho.server.dispatch.ServletInvocation.service(ServletInvocation.java:289):289
	at com.caucho.server.webapp.RequestDispatcherImpl.forward(RequestDispatcherImpl.java:298):298
	at com.caucho.server.webapp.RequestDispatcherImpl.dispatch(RequestDispatcherImpl.java:141):141
	at com.caucho.server.dispatch.RewriteDispatchFilterChain.doFilter(RewriteDispatchFilterChain.java:91):91
	at com.caucho.server.webapp.WebAppFilterChain.doFilter(WebAppFilterChain.java:156):156
	at com.caucho.server.webapp.AccessLogFilterChain.doFilter(AccessLogFilterChain.java:95):95
	at com.caucho.server.dispatch.ServletInvocation.service(ServletInvocation.java:289):289
	at com.caucho.server.http.HttpRequest.handleRequest(HttpRequest.java:838):838
	at com.caucho.network.listen.TcpSocketLink.dispatchRequest(TcpSocketLink.java:1309):1309
	at com.caucho.network.listen.TcpSocketLink.handleRequest(TcpSocketLink.java:1265):1265
	at com.caucho.network.listen.TcpSocketLink.handleRequestsImpl(TcpSocketLink.java:1249):1249
	at com.caucho.network.listen.TcpSocketLink.handleRequests(TcpSocketLink.java:1157):1157
	at com.caucho.network.listen.TcpSocketLink.handleAcceptTaskImpl(TcpSocketLink.java:956):956
	at com.caucho.network.listen.ConnectionTask.runThread(ConnectionTask.java:117):117
	at com.caucho.network.listen.ConnectionTask.run(ConnectionTask.java:93):93
	at com.caucho.network.listen.SocketLinkThreadLauncher.handleTasks(SocketLinkThreadLauncher.java:169):169
	at com.caucho.network.listen.TcpSocketAcceptThread.run(TcpSocketAcceptThread.java:61):61
	at com.caucho.env.thread2.ResinThread2.runTasks(ResinThread2.java:173):173
	at com.caucho.env.thread2.ResinThread2.run(ResinThread2.java:118):118
"
"ERROR","web-0","06/11/2012","13:22:27","","Page /coldbox/index.cfm [C:\Zips\coldbox-devbox\webapps\ROOT\coldbox\index.cfm] not found
	at railo.runtime.PageSourceImpl.loadPage(PageSourceImpl.java:846):846
	at railo.runtime.PageContextImpl.doInclude(PageContextImpl.java:795):795
	at railo.runtime.PageContextImpl.doInclude(PageContextImpl.java:751):751
	at railo.runtime.listener.ClassicAppListener._onRequest(ClassicAppListener.java:35):35
	at railo.runtime.listener.MixedAppListener.onRequest(MixedAppListener.java:24):24
	at railo.runtime.PageContextImpl.execute(PageContextImpl.java:2035):2035
	at railo.runtime.PageContextImpl.execute(PageContextImpl.java:2002):2002
	at railo.runtime.engine.CFMLEngineImpl.serviceCFML(CFMLEngineImpl.java:297):297
	at railo.loader.servlet.CFMLServlet.service(CFMLServlet.java:32):32
	at javax.servlet.http.HttpServlet.service(HttpServlet.java:97):97
	at com.caucho.server.dispatch.ServletFilterChain.doFilter(ServletFilterChain.java:109):109
	at com.caucho.server.webapp.DispatchFilterChain.doFilter(DispatchFilterChain.java:126):126
	at com.caucho.server.dispatch.ServletInvocation.service(ServletInvocation.java:289):289
	at com.caucho.server.webapp.RequestDispatcherImpl.forward(RequestDispatcherImpl.java:298):298
	at com.caucho.server.webapp.RequestDispatcherImpl.dispatch(RequestDispatcherImpl.java:141):141
	at com.caucho.server.dispatch.RewriteDispatchFilterChain.doFilter(RewriteDispatchFilterChain.java:91):91
	at com.caucho.server.webapp.WebAppFilterChain.doFilter(WebAppFilterChain.java:156):156
	at com.caucho.server.webapp.AccessLogFilterChain.doFilter(AccessLogFilterChain.java:95):95
	at com.caucho.server.dispatch.ServletInvocation.service(ServletInvocation.java:289):289
	at com.caucho.server.http.HttpRequest.handleRequest(HttpRequest.java:838):838
	at com.caucho.network.listen.TcpSocketLink.dispatchRequest(TcpSocketLink.java:1309):1309
	at com.caucho.network.listen.TcpSocketLink.handleRequest(TcpSocketLink.java:1265):1265
	at com.caucho.network.listen.TcpSocketLink.handleRequestsImpl(TcpSocketLink.java:1249):1249
	at com.caucho.network.listen.TcpSocketLink.handleRequests(TcpSocketLink.java:1157):1157
	at com.caucho.network.listen.TcpSocketLink.handleAcceptTaskImpl(TcpSocketLink.java:956):956
	at com.caucho.network.listen.ConnectionTask.runThread(ConnectionTask.java:117):117
	at com.caucho.network.listen.ConnectionTask.run(ConnectionTask.java:93):93
	at com.caucho.network.listen.SocketLinkThreadLauncher.handleTasks(SocketLinkThreadLauncher.java:169):169
	at com.caucho.network.listen.TcpSocketAcceptThread.run(TcpSocketAcceptThread.java:61):61
	at com.caucho.env.thread2.ResinThread2.runTasks(ResinThread2.java:173):173
	at com.caucho.env.thread2.ResinThread2.run(ResinThread2.java:118):118
"
"ERROR","web-0","06/11/2012","13:25:45","","Page /coldbox/index.cfm [C:\Zips\coldbox-devbox\webapps\ROOT\coldbox\index.cfm] not found
	at railo.runtime.PageSourceImpl.loadPage(PageSourceImpl.java:846):846
	at railo.runtime.PageContextImpl.doInclude(PageContextImpl.java:795):795
	at railo.runtime.PageContextImpl.doInclude(PageContextImpl.java:751):751
	at railo.runtime.listener.ClassicAppListener._onRequest(ClassicAppListener.java:35):35
	at railo.runtime.listener.MixedAppListener.onRequest(MixedAppListener.java:24):24
	at railo.runtime.PageContextImpl.execute(PageContextImpl.java:2035):2035
	at railo.runtime.PageContextImpl.execute(PageContextImpl.java:2002):2002
	at railo.runtime.engine.CFMLEngineImpl.serviceCFML(CFMLEngineImpl.java:297):297
	at railo.loader.servlet.CFMLServlet.service(CFMLServlet.java:32):32
	at javax.servlet.http.HttpServlet.service(HttpServlet.java:97):97
	at com.caucho.server.dispatch.ServletFilterChain.doFilter(ServletFilterChain.java:109):109
	at com.caucho.server.webapp.DispatchFilterChain.doFilter(DispatchFilterChain.java:126):126
	at com.caucho.server.dispatch.ServletInvocation.service(ServletInvocation.java:289):289
	at com.caucho.server.webapp.RequestDispatcherImpl.forward(RequestDispatcherImpl.java:298):298
	at com.caucho.server.webapp.RequestDispatcherImpl.dispatch(RequestDispatcherImpl.java:141):141
	at com.caucho.server.dispatch.RewriteDispatchFilterChain.doFilter(RewriteDispatchFilterChain.java:91):91
	at com.caucho.server.webapp.WebAppFilterChain.doFilter(WebAppFilterChain.java:156):156
	at com.caucho.server.webapp.AccessLogFilterChain.doFilter(AccessLogFilterChain.java:95):95
	at com.caucho.server.dispatch.ServletInvocation.service(ServletInvocation.java:289):289
	at com.caucho.server.http.HttpRequest.handleRequest(HttpRequest.java:838):838
	at com.caucho.network.listen.TcpSocketLink.dispatchRequest(TcpSocketLink.java:1309):1309
	at com.caucho.network.listen.TcpSocketLink.handleRequest(TcpSocketLink.java:1265):1265
	at com.caucho.network.listen.TcpSocketLink.handleRequestsImpl(TcpSocketLink.java:1249):1249
	at com.caucho.network.listen.TcpSocketLink.handleRequests(TcpSocketLink.java:1157):1157
	at com.caucho.network.listen.TcpSocketLink.handleAcceptTaskImpl(TcpSocketLink.java:956):956
	at com.caucho.network.listen.ConnectionTask.runThread(ConnectionTask.java:117):117
	at com.caucho.network.listen.ConnectionTask.run(ConnectionTask.java:93):93
	at com.caucho.network.listen.SocketLinkThreadLauncher.handleTasks(SocketLinkThreadLauncher.java:169):169
	at com.caucho.network.listen.TcpSocketAcceptThread.run(TcpSocketAcceptThread.java:61):61
	at com.caucho.env.thread2.ResinThread2.runTasks(ResinThread2.java:173):173
	at com.caucho.env.thread2.ResinThread2.run(ResinThread2.java:118):118
"
"ERROR","web-0","06/11/2012","13:28:32","","Page /coldbox/index.cfm [C:\Zips\coldbox-devbox\webapps\ROOT\coldbox\index.cfm] not found
	at railo.runtime.PageSourceImpl.loadPage(PageSourceImpl.java:846):846
	at railo.runtime.PageContextImpl.doInclude(PageContextImpl.java:795):795
	at railo.runtime.PageContextImpl.doInclude(PageContextImpl.java:751):751
	at railo.runtime.listener.ClassicAppListener._onRequest(ClassicAppListener.java:35):35
	at railo.runtime.listener.MixedAppListener.onRequest(MixedAppListener.java:24):24
	at railo.runtime.PageContextImpl.execute(PageContextImpl.java:2035):2035
	at railo.runtime.PageContextImpl.execute(PageContextImpl.java:2002):2002
	at railo.runtime.engine.CFMLEngineImpl.serviceCFML(CFMLEngineImpl.java:297):297
	at railo.loader.servlet.CFMLServlet.service(CFMLServlet.java:32):32
	at javax.servlet.http.HttpServlet.service(HttpServlet.java:97):97
	at com.caucho.server.dispatch.ServletFilterChain.doFilter(ServletFilterChain.java:109):109
	at com.caucho.server.webapp.DispatchFilterChain.doFilter(DispatchFilterChain.java:126):126
	at com.caucho.server.dispatch.ServletInvocation.service(ServletInvocation.java:289):289
	at com.caucho.server.webapp.RequestDispatcherImpl.forward(RequestDispatcherImpl.java:298):298
	at com.caucho.server.webapp.RequestDispatcherImpl.dispatch(RequestDispatcherImpl.java:141):141
	at com.caucho.server.dispatch.RewriteDispatchFilterChain.doFilter(RewriteDispatchFilterChain.java:91):91
	at com.caucho.server.webapp.WebAppFilterChain.doFilter(WebAppFilterChain.java:156):156
	at com.caucho.server.webapp.AccessLogFilterChain.doFilter(AccessLogFilterChain.java:95):95
	at com.caucho.server.dispatch.ServletInvocation.service(ServletInvocation.java:289):289
	at com.caucho.server.http.HttpRequest.handleRequest(HttpRequest.java:838):838
	at com.caucho.network.listen.TcpSocketLink.dispatchRequest(TcpSocketLink.java:1309):1309
	at com.caucho.network.listen.TcpSocketLink.handleRequest(TcpSocketLink.java:1265):1265
	at com.caucho.network.listen.TcpSocketLink.handleRequestsImpl(TcpSocketLink.java:1249):1249
	at com.caucho.network.listen.TcpSocketLink.handleRequests(TcpSocketLink.java:1157):1157
	at com.caucho.network.listen.TcpSocketLink.handleAcceptTaskImpl(TcpSocketLink.java:956):956
	at com.caucho.network.listen.ConnectionTask.runThread(ConnectionTask.java:117):117
	at com.caucho.network.listen.ConnectionTask.run(ConnectionTask.java:93):93
	at com.caucho.network.listen.SocketLinkThreadLauncher.handleTasks(SocketLinkThreadLauncher.java:169):169
	at com.caucho.network.listen.TcpSocketAcceptThread.run(TcpSocketAcceptThread.java:61):61
	at com.caucho.env.thread2.ResinThread2.runTasks(ResinThread2.java:173):173
	at com.caucho.env.thread2.ResinThread2.run(ResinThread2.java:118):118
"
"ERROR","web-0","06/11/2012","13:28:39","","Page /coldbox/index.cfm [C:\Zips\coldbox-devbox\webapps\ROOT\coldbox\index.cfm] not found
	at railo.runtime.PageSourceImpl.loadPage(PageSourceImpl.java:846):846
	at railo.runtime.PageContextImpl.doInclude(PageContextImpl.java:795):795
	at railo.runtime.PageContextImpl.doInclude(PageContextImpl.java:751):751
	at railo.runtime.listener.ClassicAppListener._onRequest(ClassicAppListener.java:35):35
	at railo.runtime.listener.MixedAppListener.onRequest(MixedAppListener.java:24):24
	at railo.runtime.PageContextImpl.execute(PageContextImpl.java:2035):2035
	at railo.runtime.PageContextImpl.execute(PageContextImpl.java:2002):2002
	at railo.runtime.engine.CFMLEngineImpl.serviceCFML(CFMLEngineImpl.java:297):297
	at railo.loader.servlet.CFMLServlet.service(CFMLServlet.java:32):32
	at javax.servlet.http.HttpServlet.service(HttpServlet.java:97):97
	at com.caucho.server.dispatch.ServletFilterChain.doFilter(ServletFilterChain.java:109):109
	at com.caucho.server.webapp.DispatchFilterChain.doFilter(DispatchFilterChain.java:126):126
	at com.caucho.server.dispatch.ServletInvocation.service(ServletInvocation.java:289):289
	at com.caucho.server.webapp.RequestDispatcherImpl.forward(RequestDispatcherImpl.java:298):298
	at com.caucho.server.webapp.RequestDispatcherImpl.dispatch(RequestDispatcherImpl.java:141):141
	at com.caucho.server.dispatch.RewriteDispatchFilterChain.doFilter(RewriteDispatchFilterChain.java:91):91
	at com.caucho.server.webapp.WebAppFilterChain.doFilter(WebAppFilterChain.java:156):156
	at com.caucho.server.webapp.AccessLogFilterChain.doFilter(AccessLogFilterChain.java:95):95
	at com.caucho.server.dispatch.ServletInvocation.service(ServletInvocation.java:289):289
	at com.caucho.server.http.HttpRequest.handleRequest(HttpRequest.java:838):838
	at com.caucho.network.listen.TcpSocketLink.dispatchRequest(TcpSocketLink.java:1309):1309
	at com.caucho.network.listen.TcpSocketLink.handleRequest(TcpSocketLink.java:1265):1265
	at com.caucho.network.listen.TcpSocketLink.handleRequestsImpl(TcpSocketLink.java:1249):1249
	at com.caucho.network.listen.TcpSocketLink.handleRequests(TcpSocketLink.java:1157):1157
	at com.caucho.network.listen.TcpSocketLink.handleAcceptTaskImpl(TcpSocketLink.java:956):956
	at com.caucho.network.listen.ConnectionTask.runThread(ConnectionTask.java:117):117
	at com.caucho.network.listen.ConnectionTask.run(ConnectionTask.java:93):93
	at com.caucho.network.listen.SocketLinkThreadLauncher.handleTasks(SocketLinkThreadLauncher.java:169):169
	at com.caucho.network.listen.TcpSocketAcceptThread.run(TcpSocketAcceptThread.java:61):61
	at com.caucho.env.thread2.ResinThread2.runTasks(ResinThread2.java:173):173
	at com.caucho.env.thread2.ResinThread2.run(ResinThread2.java:118):118
"
"ERROR","web-0","06/11/2012","13:30:24","","Page /coldbox/index.cfm [C:\Zips\coldbox-devbox\webapps\ROOT\coldbox\index.cfm] not found
	at railo.runtime.PageSourceImpl.loadPage(PageSourceImpl.java:846):846
	at railo.runtime.PageContextImpl.doInclude(PageContextImpl.java:795):795
	at railo.runtime.PageContextImpl.doInclude(PageContextImpl.java:751):751
	at railo.runtime.listener.ClassicAppListener._onRequest(ClassicAppListener.java:35):35
	at railo.runtime.listener.MixedAppListener.onRequest(MixedAppListener.java:24):24
	at railo.runtime.PageContextImpl.execute(PageContextImpl.java:2035):2035
	at railo.runtime.PageContextImpl.execute(PageContextImpl.java:2002):2002
	at railo.runtime.engine.CFMLEngineImpl.serviceCFML(CFMLEngineImpl.java:297):297
	at railo.loader.servlet.CFMLServlet.service(CFMLServlet.java:32):32
	at javax.servlet.http.HttpServlet.service(HttpServlet.java:97):97
	at com.caucho.server.dispatch.ServletFilterChain.doFilter(ServletFilterChain.java:109):109
	at com.caucho.server.webapp.DispatchFilterChain.doFilter(DispatchFilterChain.java:126):126
	at com.caucho.server.dispatch.ServletInvocation.service(ServletInvocation.java:289):289
	at com.caucho.server.webapp.RequestDispatcherImpl.forward(RequestDispatcherImpl.java:298):298
	at com.caucho.server.webapp.RequestDispatcherImpl.dispatch(RequestDispatcherImpl.java:141):141
	at com.caucho.server.dispatch.RewriteDispatchFilterChain.doFilter(RewriteDispatchFilterChain.java:91):91
	at com.caucho.server.webapp.WebAppFilterChain.doFilter(WebAppFilterChain.java:156):156
	at com.caucho.server.webapp.AccessLogFilterChain.doFilter(AccessLogFilterChain.java:95):95
	at com.caucho.server.dispatch.ServletInvocation.service(ServletInvocation.java:289):289
	at com.caucho.server.http.HttpRequest.handleRequest(HttpRequest.java:838):838
	at com.caucho.network.listen.TcpSocketLink.dispatchRequest(TcpSocketLink.java:1309):1309
	at com.caucho.network.listen.TcpSocketLink.handleRequest(TcpSocketLink.java:1265):1265
	at com.caucho.network.listen.TcpSocketLink.handleRequestsImpl(TcpSocketLink.java:1249):1249
	at com.caucho.network.listen.TcpSocketLink.handleRequests(TcpSocketLink.java:1157):1157
	at com.caucho.network.listen.TcpSocketLink.handleAcceptTaskImpl(TcpSocketLink.java:956):956
	at com.caucho.network.listen.ConnectionTask.runThread(ConnectionTask.java:117):117
	at com.caucho.network.listen.ConnectionTask.run(ConnectionTask.java:93):93
	at com.caucho.network.listen.SocketLinkThreadLauncher.handleTasks(SocketLinkThreadLauncher.java:169):169
	at com.caucho.network.listen.TcpSocketAcceptThread.run(TcpSocketAcceptThread.java:61):61
	at com.caucho.env.thread2.ResinThread2.runTasks(ResinThread2.java:173):173
	at com.caucho.env.thread2.ResinThread2.run(ResinThread2.java:118):118
"
"ERROR","web-0","06/11/2012","13:31:04","","Page /coldbox/index.cfm [C:\Zips\coldbox-devbox\webapps\ROOT\coldbox\index.cfm] not found
	at railo.runtime.PageSourceImpl.loadPage(PageSourceImpl.java:846):846
	at railo.runtime.PageContextImpl.doInclude(PageContextImpl.java:795):795
	at railo.runtime.PageContextImpl.doInclude(PageContextImpl.java:751):751
	at railo.runtime.listener.ClassicAppListener._onRequest(ClassicAppListener.java:35):35
	at railo.runtime.listener.MixedAppListener.onRequest(MixedAppListener.java:24):24
	at railo.runtime.PageContextImpl.execute(PageContextImpl.java:2035):2035
	at railo.runtime.PageContextImpl.execute(PageContextImpl.java:2002):2002
	at railo.runtime.engine.CFMLEngineImpl.serviceCFML(CFMLEngineImpl.java:297):297
	at railo.loader.servlet.CFMLServlet.service(CFMLServlet.java:32):32
	at javax.servlet.http.HttpServlet.service(HttpServlet.java:97):97
	at com.caucho.server.dispatch.ServletFilterChain.doFilter(ServletFilterChain.java:109):109
	at com.caucho.server.webapp.DispatchFilterChain.doFilter(DispatchFilterChain.java:126):126
	at com.caucho.server.dispatch.ServletInvocation.service(ServletInvocation.java:289):289
	at com.caucho.server.webapp.RequestDispatcherImpl.forward(RequestDispatcherImpl.java:298):298
	at com.caucho.server.webapp.RequestDispatcherImpl.dispatch(RequestDispatcherImpl.java:141):141
	at com.caucho.server.dispatch.RewriteDispatchFilterChain.doFilter(RewriteDispatchFilterChain.java:91):91
	at com.caucho.server.webapp.WebAppFilterChain.doFilter(WebAppFilterChain.java:156):156
	at com.caucho.server.webapp.AccessLogFilterChain.doFilter(AccessLogFilterChain.java:95):95
	at com.caucho.server.dispatch.ServletInvocation.service(ServletInvocation.java:289):289
	at com.caucho.server.http.HttpRequest.handleRequest(HttpRequest.java:838):838
	at com.caucho.network.listen.TcpSocketLink.dispatchRequest(TcpSocketLink.java:1309):1309
	at com.caucho.network.listen.TcpSocketLink.handleRequest(TcpSocketLink.java:1265):1265
	at com.caucho.network.listen.TcpSocketLink.handleRequestsImpl(TcpSocketLink.java:1249):1249
	at com.caucho.network.listen.TcpSocketLink.handleRequests(TcpSocketLink.java:1157):1157
	at com.caucho.network.listen.TcpSocketLink.handleAcceptTaskImpl(TcpSocketLink.java:956):956
	at com.caucho.network.listen.ConnectionTask.runThread(ConnectionTask.java:117):117
	at com.caucho.network.listen.ConnectionTask.run(ConnectionTask.java:93):93
	at com.caucho.network.listen.SocketLinkThreadLauncher.handleTasks(SocketLinkThreadLauncher.java:169):169
	at com.caucho.network.listen.TcpSocketAcceptThread.run(TcpSocketAcceptThread.java:61):61
	at com.caucho.env.thread2.ResinThread2.runTasks(ResinThread2.java:173):173
	at com.caucho.env.thread2.ResinThread2.run(ResinThread2.java:118):118
"
"ERROR","web-0","06/11/2012","13:31:05","","Page /coldbox/index.cfm [C:\Zips\coldbox-devbox\webapps\ROOT\coldbox\index.cfm] not found
	at railo.runtime.PageSourceImpl.loadPage(PageSourceImpl.java:846):846
	at railo.runtime.PageContextImpl.doInclude(PageContextImpl.java:795):795
	at railo.runtime.PageContextImpl.doInclude(PageContextImpl.java:751):751
	at railo.runtime.listener.ClassicAppListener._onRequest(ClassicAppListener.java:35):35
	at railo.runtime.listener.MixedAppListener.onRequest(MixedAppListener.java:24):24
	at railo.runtime.PageContextImpl.execute(PageContextImpl.java:2035):2035
	at railo.runtime.PageContextImpl.execute(PageContextImpl.java:2002):2002
	at railo.runtime.engine.CFMLEngineImpl.serviceCFML(CFMLEngineImpl.java:297):297
	at railo.loader.servlet.CFMLServlet.service(CFMLServlet.java:32):32
	at javax.servlet.http.HttpServlet.service(HttpServlet.java:97):97
	at com.caucho.server.dispatch.ServletFilterChain.doFilter(ServletFilterChain.java:109):109
	at com.caucho.server.webapp.DispatchFilterChain.doFilter(DispatchFilterChain.java:126):126
	at com.caucho.server.dispatch.ServletInvocation.service(ServletInvocation.java:289):289
	at com.caucho.server.webapp.RequestDispatcherImpl.forward(RequestDispatcherImpl.java:298):298
	at com.caucho.server.webapp.RequestDispatcherImpl.dispatch(RequestDispatcherImpl.java:141):141
	at com.caucho.server.dispatch.RewriteDispatchFilterChain.doFilter(RewriteDispatchFilterChain.java:91):91
	at com.caucho.server.webapp.WebAppFilterChain.doFilter(WebAppFilterChain.java:156):156
	at com.caucho.server.webapp.AccessLogFilterChain.doFilter(AccessLogFilterChain.java:95):95
	at com.caucho.server.dispatch.ServletInvocation.service(ServletInvocation.java:289):289
	at com.caucho.server.http.HttpRequest.handleRequest(HttpRequest.java:838):838
	at com.caucho.network.listen.TcpSocketLink.dispatchRequest(TcpSocketLink.java:1309):1309
	at com.caucho.network.listen.TcpSocketLink.handleRequest(TcpSocketLink.java:1265):1265
	at com.caucho.network.listen.TcpSocketLink.handleRequestsImpl(TcpSocketLink.java:1249):1249
	at com.caucho.network.listen.TcpSocketLink.handleRequests(TcpSocketLink.java:1157):1157
	at com.caucho.network.listen.TcpSocketLink.handleAcceptTaskImpl(TcpSocketLink.java:956):956
	at com.caucho.network.listen.ConnectionTask.runThread(ConnectionTask.java:117):117
	at com.caucho.network.listen.ConnectionTask.run(ConnectionTask.java:93):93
	at com.caucho.network.listen.SocketLinkThreadLauncher.handleTasks(SocketLinkThreadLauncher.java:169):169
	at com.caucho.network.listen.TcpSocketAcceptThread.run(TcpSocketAcceptThread.java:61):61
	at com.caucho.env.thread2.ResinThread2.runTasks(ResinThread2.java:173):173
	at com.caucho.env.thread2.ResinThread2.run(ResinThread2.java:118):118
"
"ERROR","web-0","06/11/2012","13:31:05","","Page /coldbox/index.cfm [C:\Zips\coldbox-devbox\webapps\ROOT\coldbox\index.cfm] not found
	at railo.runtime.PageSourceImpl.loadPage(PageSourceImpl.java:846):846
	at railo.runtime.PageContextImpl.doInclude(PageContextImpl.java:795):795
	at railo.runtime.PageContextImpl.doInclude(PageContextImpl.java:751):751
	at railo.runtime.listener.ClassicAppListener._onRequest(ClassicAppListener.java:35):35
	at railo.runtime.listener.MixedAppListener.onRequest(MixedAppListener.java:24):24
	at railo.runtime.PageContextImpl.execute(PageContextImpl.java:2035):2035
	at railo.runtime.PageContextImpl.execute(PageContextImpl.java:2002):2002
	at railo.runtime.engine.CFMLEngineImpl.serviceCFML(CFMLEngineImpl.java:297):297
	at railo.loader.servlet.CFMLServlet.service(CFMLServlet.java:32):32
	at javax.servlet.http.HttpServlet.service(HttpServlet.java:97):97
	at com.caucho.server.dispatch.ServletFilterChain.doFilter(ServletFilterChain.java:109):109
	at com.caucho.server.webapp.DispatchFilterChain.doFilter(DispatchFilterChain.java:126):126
	at com.caucho.server.dispatch.ServletInvocation.service(ServletInvocation.java:289):289
	at com.caucho.server.webapp.RequestDispatcherImpl.forward(RequestDispatcherImpl.java:298):298
	at com.caucho.server.webapp.RequestDispatcherImpl.dispatch(RequestDispatcherImpl.java:141):141
	at com.caucho.server.dispatch.RewriteDispatchFilterChain.doFilter(RewriteDispatchFilterChain.java:91):91
	at com.caucho.server.webapp.WebAppFilterChain.doFilter(WebAppFilterChain.java:156):156
	at com.caucho.server.webapp.AccessLogFilterChain.doFilter(AccessLogFilterChain.java:95):95
	at com.caucho.server.dispatch.ServletInvocation.service(ServletInvocation.java:289):289
	at com.caucho.server.http.HttpRequest.handleRequest(HttpRequest.java:838):838
	at com.caucho.network.listen.TcpSocketLink.dispatchRequest(TcpSocketLink.java:1309):1309
	at com.caucho.network.listen.TcpSocketLink.handleRequest(TcpSocketLink.java:1265):1265
	at com.caucho.network.listen.TcpSocketLink.handleRequestsImpl(TcpSocketLink.java:1249):1249
	at com.caucho.network.listen.TcpSocketLink.handleRequests(TcpSocketLink.java:1157):1157
	at com.caucho.network.listen.TcpSocketLink.handleAcceptTaskImpl(TcpSocketLink.java:956):956
	at com.caucho.network.listen.ConnectionTask.runThread(ConnectionTask.java:117):117
	at com.caucho.network.listen.ConnectionTask.run(ConnectionTask.java:93):93
	at com.caucho.network.listen.SocketLinkThreadLauncher.handleTasks(SocketLinkThreadLauncher.java:169):169
	at com.caucho.network.listen.TcpSocketAcceptThread.run(TcpSocketAcceptThread.java:61):61
	at com.caucho.env.thread2.ResinThread2.runTasks(ResinThread2.java:173):173
	at com.caucho.env.thread2.ResinThread2.run(ResinThread2.java:118):118
"
"ERROR","web-0","06/11/2012","13:31:06","","Page /coldbox/index.cfm [C:\Zips\coldbox-devbox\webapps\ROOT\coldbox\index.cfm] not found
	at railo.runtime.PageSourceImpl.loadPage(PageSourceImpl.java:846):846
	at railo.runtime.PageContextImpl.doInclude(PageContextImpl.java:795):795
	at railo.runtime.PageContextImpl.doInclude(PageContextImpl.java:751):751
	at railo.runtime.listener.ClassicAppListener._onRequest(ClassicAppListener.java:35):35
	at railo.runtime.listener.MixedAppListener.onRequest(MixedAppListener.java:24):24
	at railo.runtime.PageContextImpl.execute(PageContextImpl.java:2035):2035
	at railo.runtime.PageContextImpl.execute(PageContextImpl.java:2002):2002
	at railo.runtime.engine.CFMLEngineImpl.serviceCFML(CFMLEngineImpl.java:297):297
	at railo.loader.servlet.CFMLServlet.service(CFMLServlet.java:32):32
	at javax.servlet.http.HttpServlet.service(HttpServlet.java:97):97
	at com.caucho.server.dispatch.ServletFilterChain.doFilter(ServletFilterChain.java:109):109
	at com.caucho.server.webapp.DispatchFilterChain.doFilter(DispatchFilterChain.java:126):126
	at com.caucho.server.dispatch.ServletInvocation.service(ServletInvocation.java:289):289
	at com.caucho.server.webapp.RequestDispatcherImpl.forward(RequestDispatcherImpl.java:298):298
	at com.caucho.server.webapp.RequestDispatcherImpl.dispatch(RequestDispatcherImpl.java:141):141
	at com.caucho.server.dispatch.RewriteDispatchFilterChain.doFilter(RewriteDispatchFilterChain.java:91):91
	at com.caucho.server.webapp.WebAppFilterChain.doFilter(WebAppFilterChain.java:156):156
	at com.caucho.server.webapp.AccessLogFilterChain.doFilter(AccessLogFilterChain.java:95):95
	at com.caucho.server.dispatch.ServletInvocation.service(ServletInvocation.java:289):289
	at com.caucho.server.http.HttpRequest.handleRequest(HttpRequest.java:838):838
	at com.caucho.network.listen.TcpSocketLink.dispatchRequest(TcpSocketLink.java:1309):1309
	at com.caucho.network.listen.TcpSocketLink.handleRequest(TcpSocketLink.java:1265):1265
	at com.caucho.network.listen.TcpSocketLink.handleRequestsImpl(TcpSocketLink.java:1249):1249
	at com.caucho.network.listen.TcpSocketLink.handleRequests(TcpSocketLink.java:1157):1157
	at com.caucho.network.listen.TcpSocketLink.handleAcceptTaskImpl(TcpSocketLink.java:956):956
	at com.caucho.network.listen.ConnectionTask.runThread(ConnectionTask.java:117):117
	at com.caucho.network.listen.ConnectionTask.run(ConnectionTask.java:93):93
	at com.caucho.network.listen.SocketLinkThreadLauncher.handleTasks(SocketLinkThreadLauncher.java:169):169
	at com.caucho.network.listen.TcpSocketAcceptThread.run(TcpSocketAcceptThread.java:61):61
	at com.caucho.env.thread2.ResinThread2.runTasks(ResinThread2.java:173):173
	at com.caucho.env.thread2.ResinThread2.run(ResinThread2.java:118):118
"
"ERROR","web-0","06/11/2012","15:14:03","","Page /coldbox-docs/index.cfm [C:\Zips\coldbox-devbox\webapps\ROOT\coldbox-docs\index.cfm] not found
	at railo.runtime.PageSourceImpl.loadPage(PageSourceImpl.java:846):846
	at railo.runtime.PageContextImpl.doInclude(PageContextImpl.java:795):795
	at railo.runtime.PageContextImpl.doInclude(PageContextImpl.java:751):751
	at railo.runtime.listener.ClassicAppListener._onRequest(ClassicAppListener.java:35):35
	at railo.runtime.listener.MixedAppListener.onRequest(MixedAppListener.java:24):24
	at railo.runtime.PageContextImpl.execute(PageContextImpl.java:2035):2035
	at railo.runtime.PageContextImpl.execute(PageContextImpl.java:2002):2002
	at railo.runtime.engine.CFMLEngineImpl.serviceCFML(CFMLEngineImpl.java:297):297
	at railo.loader.servlet.CFMLServlet.service(CFMLServlet.java:32):32
	at javax.servlet.http.HttpServlet.service(HttpServlet.java:97):97
	at com.caucho.server.dispatch.ServletFilterChain.doFilter(ServletFilterChain.java:109):109
	at com.caucho.server.webapp.DispatchFilterChain.doFilter(DispatchFilterChain.java:126):126
	at com.caucho.server.dispatch.ServletInvocation.service(ServletInvocation.java:289):289
	at com.caucho.server.webapp.RequestDispatcherImpl.forward(RequestDispatcherImpl.java:298):298
	at com.caucho.server.webapp.RequestDispatcherImpl.dispatch(RequestDispatcherImpl.java:141):141
	at com.caucho.server.dispatch.RewriteDispatchFilterChain.doFilter(RewriteDispatchFilterChain.java:91):91
	at com.caucho.server.webapp.WebAppFilterChain.doFilter(WebAppFilterChain.java:156):156
	at com.caucho.server.webapp.AccessLogFilterChain.doFilter(AccessLogFilterChain.java:95):95
	at com.caucho.server.dispatch.ServletInvocation.service(ServletInvocation.java:289):289
	at com.caucho.server.http.HttpRequest.handleRequest(HttpRequest.java:838):838
	at com.caucho.network.listen.TcpSocketLink.dispatchRequest(TcpSocketLink.java:1309):1309
	at com.caucho.network.listen.TcpSocketLink.handleRequest(TcpSocketLink.java:1265):1265
	at com.caucho.network.listen.TcpSocketLink.handleRequestsImpl(TcpSocketLink.java:1249):1249
	at com.caucho.network.listen.TcpSocketLink.handleRequests(TcpSocketLink.java:1157):1157
	at com.caucho.network.listen.TcpSocketLink.handleAcceptTaskImpl(TcpSocketLink.java:956):956
	at com.caucho.network.listen.ConnectionTask.runThread(ConnectionTask.java:117):117
	at com.caucho.network.listen.ConnectionTask.run(ConnectionTask.java:93):93
	at com.caucho.network.listen.SocketLinkThreadLauncher.handleTasks(SocketLinkThreadLauncher.java:169):169
	at com.caucho.network.listen.TcpSocketAcceptThread.run(TcpSocketAcceptThread.java:61):61
	at com.caucho.env.thread2.ResinThread2.runTasks(ResinThread2.java:173):173
	at com.caucho.env.thread2.ResinThread2.run(ResinThread2.java:118):118
"
"ERROR","web-0","06/11/2012","15:14:43","","Page /coldbox/index.cfm [C:\Zips\coldbox-devbox\webapps\ROOT\coldbox\index.cfm] not found
	at railo.runtime.PageSourceImpl.loadPage(PageSourceImpl.java:846):846
	at railo.runtime.PageContextImpl.doInclude(PageContextImpl.java:795):795
	at railo.runtime.PageContextImpl.doInclude(PageContextImpl.java:751):751
	at railo.runtime.listener.ClassicAppListener._onRequest(ClassicAppListener.java:35):35
	at railo.runtime.listener.MixedAppListener.onRequest(MixedAppListener.java:24):24
	at railo.runtime.PageContextImpl.execute(PageContextImpl.java:2035):2035
	at railo.runtime.PageContextImpl.execute(PageContextImpl.java:2002):2002
	at railo.runtime.engine.CFMLEngineImpl.serviceCFML(CFMLEngineImpl.java:297):297
	at railo.loader.servlet.CFMLServlet.service(CFMLServlet.java:32):32
	at javax.servlet.http.HttpServlet.service(HttpServlet.java:97):97
	at com.caucho.server.dispatch.ServletFilterChain.doFilter(ServletFilterChain.java:109):109
	at com.caucho.server.webapp.DispatchFilterChain.doFilter(DispatchFilterChain.java:126):126
	at com.caucho.server.dispatch.ServletInvocation.service(ServletInvocation.java:289):289
	at com.caucho.server.webapp.RequestDispatcherImpl.forward(RequestDispatcherImpl.java:298):298
	at com.caucho.server.webapp.RequestDispatcherImpl.dispatch(RequestDispatcherImpl.java:141):141
	at com.caucho.server.dispatch.RewriteDispatchFilterChain.doFilter(RewriteDispatchFilterChain.java:91):91
	at com.caucho.server.webapp.WebAppFilterChain.doFilter(WebAppFilterChain.java:156):156
	at com.caucho.server.webapp.AccessLogFilterChain.doFilter(AccessLogFilterChain.java:95):95
	at com.caucho.server.dispatch.ServletInvocation.service(ServletInvocation.java:289):289
	at com.caucho.server.http.HttpRequest.handleRequest(HttpRequest.java:838):838
	at com.caucho.network.listen.TcpSocketLink.dispatchRequest(TcpSocketLink.java:1309):1309
	at com.caucho.network.listen.TcpSocketLink.handleRequest(TcpSocketLink.java:1265):1265
	at com.caucho.network.listen.TcpSocketLink.handleRequestsImpl(TcpSocketLink.java:1249):1249
	at com.caucho.network.listen.TcpSocketLink.handleRequests(TcpSocketLink.java:1157):1157
	at com.caucho.network.listen.TcpSocketLink.handleAcceptTaskImpl(TcpSocketLink.java:956):956
	at com.caucho.network.listen.ConnectionTask.runThread(ConnectionTask.java:117):117
	at com.caucho.network.listen.ConnectionTask.run(ConnectionTask.java:93):93
	at com.caucho.network.listen.SocketLinkThreadLauncher.handleTasks(SocketLinkThreadLauncher.java:169):169
	at com.caucho.network.listen.TcpSocketAcceptThread.run(TcpSocketAcceptThread.java:61):61
	at com.caucho.env.thread2.ResinThread2.runTasks(ResinThread2.java:173):173
	at com.caucho.env.thread2.ResinThread2.run(ResinThread2.java:118):118
"
"ERROR","web-0","06/11/2012","15:14:44","","Page /coldbox/index.cfm [C:\Zips\coldbox-devbox\webapps\ROOT\coldbox\index.cfm] not found
	at railo.runtime.PageSourceImpl.loadPage(PageSourceImpl.java:846):846
	at railo.runtime.PageContextImpl.doInclude(PageContextImpl.java:795):795
	at railo.runtime.PageContextImpl.doInclude(PageContextImpl.java:751):751
	at railo.runtime.listener.ClassicAppListener._onRequest(ClassicAppListener.java:35):35
	at railo.runtime.listener.MixedAppListener.onRequest(MixedAppListener.java:24):24
	at railo.runtime.PageContextImpl.execute(PageContextImpl.java:2035):2035
	at railo.runtime.PageContextImpl.execute(PageContextImpl.java:2002):2002
	at railo.runtime.engine.CFMLEngineImpl.serviceCFML(CFMLEngineImpl.java:297):297
	at railo.loader.servlet.CFMLServlet.service(CFMLServlet.java:32):32
	at javax.servlet.http.HttpServlet.service(HttpServlet.java:97):97
	at com.caucho.server.dispatch.ServletFilterChain.doFilter(ServletFilterChain.java:109):109
	at com.caucho.server.webapp.DispatchFilterChain.doFilter(DispatchFilterChain.java:126):126
	at com.caucho.server.dispatch.ServletInvocation.service(ServletInvocation.java:289):289
	at com.caucho.server.webapp.RequestDispatcherImpl.forward(RequestDispatcherImpl.java:298):298
	at com.caucho.server.webapp.RequestDispatcherImpl.dispatch(RequestDispatcherImpl.java:141):141
	at com.caucho.server.dispatch.RewriteDispatchFilterChain.doFilter(RewriteDispatchFilterChain.java:91):91
	at com.caucho.server.webapp.WebAppFilterChain.doFilter(WebAppFilterChain.java:156):156
	at com.caucho.server.webapp.AccessLogFilterChain.doFilter(AccessLogFilterChain.java:95):95
	at com.caucho.server.dispatch.ServletInvocation.service(ServletInvocation.java:289):289
	at com.caucho.server.http.HttpRequest.handleRequest(HttpRequest.java:838):838
	at com.caucho.network.listen.TcpSocketLink.dispatchRequest(TcpSocketLink.java:1309):1309
	at com.caucho.network.listen.TcpSocketLink.handleRequest(TcpSocketLink.java:1265):1265
	at com.caucho.network.listen.TcpSocketLink.handleRequestsImpl(TcpSocketLink.java:1249):1249
	at com.caucho.network.listen.TcpSocketLink.handleRequests(TcpSocketLink.java:1157):1157
	at com.caucho.network.listen.TcpSocketLink.handleAcceptTaskImpl(TcpSocketLink.java:956):956
	at com.caucho.network.listen.ConnectionTask.runThread(ConnectionTask.java:117):117
	at com.caucho.network.listen.ConnectionTask.run(ConnectionTask.java:93):93
	at com.caucho.network.listen.SocketLinkThreadLauncher.handleTasks(SocketLinkThreadLauncher.java:169):169
	at com.caucho.network.listen.TcpSocketAcceptThread.run(TcpSocketAcceptThread.java:61):61
	at com.caucho.env.thread2.ResinThread2.runTasks(ResinThread2.java:173):173
	at com.caucho.env.thread2.ResinThread2.run(ResinThread2.java:118):118
"
"ERROR","web-0","06/11/2012","15:14:44","","Page /coldbox/index.cfm [C:\Zips\coldbox-devbox\webapps\ROOT\coldbox\index.cfm] not found
	at railo.runtime.PageSourceImpl.loadPage(PageSourceImpl.java:846):846
	at railo.runtime.PageContextImpl.doInclude(PageContextImpl.java:795):795
	at railo.runtime.PageContextImpl.doInclude(PageContextImpl.java:751):751
	at railo.runtime.listener.ClassicAppListener._onRequest(ClassicAppListener.java:35):35
	at railo.runtime.listener.MixedAppListener.onRequest(MixedAppListener.java:24):24
	at railo.runtime.PageContextImpl.execute(PageContextImpl.java:2035):2035
	at railo.runtime.PageContextImpl.execute(PageContextImpl.java:2002):2002
	at railo.runtime.engine.CFMLEngineImpl.serviceCFML(CFMLEngineImpl.java:297):297
	at railo.loader.servlet.CFMLServlet.service(CFMLServlet.java:32):32
	at javax.servlet.http.HttpServlet.service(HttpServlet.java:97):97
	at com.caucho.server.dispatch.ServletFilterChain.doFilter(ServletFilterChain.java:109):109
	at com.caucho.server.webapp.DispatchFilterChain.doFilter(DispatchFilterChain.java:126):126
	at com.caucho.server.dispatch.ServletInvocation.service(ServletInvocation.java:289):289
	at com.caucho.server.webapp.RequestDispatcherImpl.forward(RequestDispatcherImpl.java:298):298
	at com.caucho.server.webapp.RequestDispatcherImpl.dispatch(RequestDispatcherImpl.java:141):141
	at com.caucho.server.dispatch.RewriteDispatchFilterChain.doFilter(RewriteDispatchFilterChain.java:91):91
	at com.caucho.server.webapp.WebAppFilterChain.doFilter(WebAppFilterChain.java:156):156
	at com.caucho.server.webapp.AccessLogFilterChain.doFilter(AccessLogFilterChain.java:95):95
	at com.caucho.server.dispatch.ServletInvocation.service(ServletInvocation.java:289):289
	at com.caucho.server.http.HttpRequest.handleRequest(HttpRequest.java:838):838
	at com.caucho.network.listen.TcpSocketLink.dispatchRequest(TcpSocketLink.java:1309):1309
	at com.caucho.network.listen.TcpSocketLink.handleRequest(TcpSocketLink.java:1265):1265
	at com.caucho.network.listen.TcpSocketLink.handleRequestsImpl(TcpSocketLink.java:1249):1249
	at com.caucho.network.listen.TcpSocketLink.handleRequests(TcpSocketLink.java:1157):1157
	at com.caucho.network.listen.TcpSocketLink.handleAcceptTaskImpl(TcpSocketLink.java:956):956
	at com.caucho.network.listen.ConnectionTask.runThread(ConnectionTask.java:117):117
	at com.caucho.network.listen.ConnectionTask.run(ConnectionTask.java:93):93
	at com.caucho.network.listen.SocketLinkThreadLauncher.handleTasks(SocketLinkThreadLauncher.java:169):169
	at com.caucho.network.listen.TcpSocketAcceptThread.run(TcpSocketAcceptThread.java:61):61
	at com.caucho.env.thread2.ResinThread2.runTasks(ResinThread2.java:173):173
	at com.caucho.env.thread2.ResinThread2.run(ResinThread2.java:118):118
"
"ERROR","web-0","06/11/2012","15:14:44","","Page /coldbox/index.cfm [C:\Zips\coldbox-devbox\webapps\ROOT\coldbox\index.cfm] not found
	at railo.runtime.PageSourceImpl.loadPage(PageSourceImpl.java:846):846
	at railo.runtime.PageContextImpl.doInclude(PageContextImpl.java:795):795
	at railo.runtime.PageContextImpl.doInclude(PageContextImpl.java:751):751
	at railo.runtime.listener.ClassicAppListener._onRequest(ClassicAppListener.java:35):35
	at railo.runtime.listener.MixedAppListener.onRequest(MixedAppListener.java:24):24
	at railo.runtime.PageContextImpl.execute(PageContextImpl.java:2035):2035
	at railo.runtime.PageContextImpl.execute(PageContextImpl.java:2002):2002
	at railo.runtime.engine.CFMLEngineImpl.serviceCFML(CFMLEngineImpl.java:297):297
	at railo.loader.servlet.CFMLServlet.service(CFMLServlet.java:32):32
	at javax.servlet.http.HttpServlet.service(HttpServlet.java:97):97
	at com.caucho.server.dispatch.ServletFilterChain.doFilter(ServletFilterChain.java:109):109
	at com.caucho.server.webapp.DispatchFilterChain.doFilter(DispatchFilterChain.java:126):126
	at com.caucho.server.dispatch.ServletInvocation.service(ServletInvocation.java:289):289
	at com.caucho.server.webapp.RequestDispatcherImpl.forward(RequestDispatcherImpl.java:298):298
	at com.caucho.server.webapp.RequestDispatcherImpl.dispatch(RequestDispatcherImpl.java:141):141
	at com.caucho.server.dispatch.RewriteDispatchFilterChain.doFilter(RewriteDispatchFilterChain.java:91):91
	at com.caucho.server.webapp.WebAppFilterChain.doFilter(WebAppFilterChain.java:156):156
	at com.caucho.server.webapp.AccessLogFilterChain.doFilter(AccessLogFilterChain.java:95):95
	at com.caucho.server.dispatch.ServletInvocation.service(ServletInvocation.java:289):289
	at com.caucho.server.http.HttpRequest.handleRequest(HttpRequest.java:838):838
	at com.caucho.network.listen.TcpSocketLink.dispatchRequest(TcpSocketLink.java:1309):1309
	at com.caucho.network.listen.TcpSocketLink.handleRequest(TcpSocketLink.java:1265):1265
	at com.caucho.network.listen.TcpSocketLink.handleRequestsImpl(TcpSocketLink.java:1249):1249
	at com.caucho.network.listen.TcpSocketLink.handleRequests(TcpSocketLink.java:1157):1157
	at com.caucho.network.listen.TcpSocketLink.handleAcceptTaskImpl(TcpSocketLink.java:956):956
	at com.caucho.network.listen.ConnectionTask.runThread(ConnectionTask.java:117):117
	at com.caucho.network.listen.ConnectionTask.run(ConnectionTask.java:93):93
	at com.caucho.network.listen.SocketLinkThreadLauncher.handleTasks(SocketLinkThreadLauncher.java:169):169
	at com.caucho.network.listen.TcpSocketAcceptThread.run(TcpSocketAcceptThread.java:61):61
	at com.caucho.env.thread2.ResinThread2.runTasks(ResinThread2.java:173):173
	at com.caucho.env.thread2.ResinThread2.run(ResinThread2.java:118):118
"
"ERROR","web-0","06/11/2012","15:18:09","","Page /coldbox/index.cfm [C:\Zips\coldbox-devbox\webapps\ROOT\coldbox\index.cfm] not found
	at railo.runtime.PageSourceImpl.loadPage(PageSourceImpl.java:846):846
	at railo.runtime.PageContextImpl.doInclude(PageContextImpl.java:795):795
	at railo.runtime.PageContextImpl.doInclude(PageContextImpl.java:751):751
	at railo.runtime.listener.ClassicAppListener._onRequest(ClassicAppListener.java:35):35
	at railo.runtime.listener.MixedAppListener.onRequest(MixedAppListener.java:24):24
	at railo.runtime.PageContextImpl.execute(PageContextImpl.java:2035):2035
	at railo.runtime.PageContextImpl.execute(PageContextImpl.java:2002):2002
	at railo.runtime.engine.CFMLEngineImpl.serviceCFML(CFMLEngineImpl.java:297):297
	at railo.loader.servlet.CFMLServlet.service(CFMLServlet.java:32):32
	at javax.servlet.http.HttpServlet.service(HttpServlet.java:97):97
	at com.caucho.server.dispatch.ServletFilterChain.doFilter(ServletFilterChain.java:109):109
	at com.caucho.server.webapp.DispatchFilterChain.doFilter(DispatchFilterChain.java:126):126
	at com.caucho.server.dispatch.ServletInvocation.service(ServletInvocation.java:289):289
	at com.caucho.server.webapp.RequestDispatcherImpl.forward(RequestDispatcherImpl.java:298):298
	at com.caucho.server.webapp.RequestDispatcherImpl.dispatch(RequestDispatcherImpl.java:141):141
	at com.caucho.server.dispatch.RewriteDispatchFilterChain.doFilter(RewriteDispatchFilterChain.java:91):91
	at com.caucho.server.webapp.WebAppFilterChain.doFilter(WebAppFilterChain.java:156):156
	at com.caucho.server.webapp.AccessLogFilterChain.doFilter(AccessLogFilterChain.java:95):95
	at com.caucho.server.dispatch.ServletInvocation.service(ServletInvocation.java:289):289
	at com.caucho.server.http.HttpRequest.handleRequest(HttpRequest.java:838):838
	at com.caucho.network.listen.TcpSocketLink.dispatchRequest(TcpSocketLink.java:1309):1309
	at com.caucho.network.listen.TcpSocketLink.handleRequest(TcpSocketLink.java:1265):1265
	at com.caucho.network.listen.TcpSocketLink.handleRequestsImpl(TcpSocketLink.java:1249):1249
	at com.caucho.network.listen.TcpSocketLink.handleRequests(TcpSocketLink.java:1157):1157
	at com.caucho.network.listen.TcpSocketLink.handleAcceptTaskImpl(TcpSocketLink.java:956):956
	at com.caucho.network.listen.ConnectionTask.runThread(ConnectionTask.java:117):117
	at com.caucho.network.listen.ConnectionTask.run(ConnectionTask.java:93):93
	at com.caucho.network.listen.SocketLinkThreadLauncher.handleTasks(SocketLinkThreadLauncher.java:169):169
	at com.caucho.network.listen.TcpSocketAcceptThread.run(TcpSocketAcceptThread.java:61):61
	at com.caucho.env.thread2.ResinThread2.runTasks(ResinThread2.java:173):173
	at com.caucho.env.thread2.ResinThread2.run(ResinThread2.java:118):118
"
"ERROR","web-0","06/11/2012","15:18:23","","Page /coldbox/index.cfm [C:\Zips\coldbox-devbox\webapps\ROOT\coldbox\index.cfm] not found
	at railo.runtime.PageSourceImpl.loadPage(PageSourceImpl.java:846):846
	at railo.runtime.PageContextImpl.doInclude(PageContextImpl.java:795):795
	at railo.runtime.PageContextImpl.doInclude(PageContextImpl.java:751):751
	at railo.runtime.listener.ClassicAppListener._onRequest(ClassicAppListener.java:35):35
	at railo.runtime.listener.MixedAppListener.onRequest(MixedAppListener.java:24):24
	at railo.runtime.PageContextImpl.execute(PageContextImpl.java:2035):2035
	at railo.runtime.PageContextImpl.execute(PageContextImpl.java:2002):2002
	at railo.runtime.engine.CFMLEngineImpl.serviceCFML(CFMLEngineImpl.java:297):297
	at railo.loader.servlet.CFMLServlet.service(CFMLServlet.java:32):32
	at javax.servlet.http.HttpServlet.service(HttpServlet.java:97):97
	at com.caucho.server.dispatch.ServletFilterChain.doFilter(ServletFilterChain.java:109):109
	at com.caucho.server.webapp.DispatchFilterChain.doFilter(DispatchFilterChain.java:126):126
	at com.caucho.server.dispatch.ServletInvocation.service(ServletInvocation.java:289):289
	at com.caucho.server.webapp.RequestDispatcherImpl.forward(RequestDispatcherImpl.java:298):298
	at com.caucho.server.webapp.RequestDispatcherImpl.dispatch(RequestDispatcherImpl.java:141):141
	at com.caucho.server.dispatch.RewriteDispatchFilterChain.doFilter(RewriteDispatchFilterChain.java:91):91
	at com.caucho.server.webapp.WebAppFilterChain.doFilter(WebAppFilterChain.java:156):156
	at com.caucho.server.webapp.AccessLogFilterChain.doFilter(AccessLogFilterChain.java:95):95
	at com.caucho.server.dispatch.ServletInvocation.service(ServletInvocation.java:289):289
	at com.caucho.server.http.HttpRequest.handleRequest(HttpRequest.java:838):838
	at com.caucho.network.listen.TcpSocketLink.dispatchRequest(TcpSocketLink.java:1309):1309
	at com.caucho.network.listen.TcpSocketLink.handleRequest(TcpSocketLink.java:1265):1265
	at com.caucho.network.listen.TcpSocketLink.handleRequestsImpl(TcpSocketLink.java:1249):1249
	at com.caucho.network.listen.TcpSocketLink.handleRequests(TcpSocketLink.java:1157):1157
	at com.caucho.network.listen.TcpSocketLink.handleAcceptTaskImpl(TcpSocketLink.java:956):956
	at com.caucho.network.listen.ConnectionTask.runThread(ConnectionTask.java:117):117
	at com.caucho.network.listen.ConnectionTask.run(ConnectionTask.java:93):93
	at com.caucho.network.listen.SocketLinkThreadLauncher.handleTasks(SocketLinkThreadLauncher.java:169):169
	at com.caucho.network.listen.TcpSocketAcceptThread.run(TcpSocketAcceptThread.java:61):61
	at com.caucho.env.thread2.ResinThread2.runTasks(ResinThread2.java:173):173
	at com.caucho.env.thread2.ResinThread2.run(ResinThread2.java:118):118
"
